#
# There is insufficient memory for the Java Runtime Environment to continue.
# Native memory allocation (malloc) failed to allocate 1061296 bytes for Chunk::new
# Possible reasons:
#   The system is out of physical RAM or swap space
#   The process is running with CompressedOops enabled, and the Java Heap may be blocking the growth of the native heap
# Possible solutions:
#   Reduce memory load on the system
#   Increase physical memory or swap space
#   Check if swap backing store is full
#   Decrease Java heap size (-Xmx/-Xms)
#   Decrease number of Java threads
#   Decrease Java thread stack sizes (-Xss)
#   Set larger code cache with -XX:ReservedCodeCacheSize=
#   JVM is running with Unscaled Compressed Oops mode in which the Java heap is
#     placed in the first 4GB address space. The Java Heap base address is the
#     maximum limit for the native heap growth. Please use -XX:HeapBaseMinAddress
#     to set the Java Heap base and to place the Java Heap above 4GB virtual address.
# This output file may be truncated or incomplete.
#
#  Out of Memory Error (./src/hotspot/share/memory/arena.cpp:197), pid=8992, tid=6244
#
# JRE version: OpenJDK Runtime Environment JBR-11.0.11.9-1341.60-jcef (11.0.11+9) (build 11.0.11+9-b1341.60)
# Java VM: OpenJDK 64-Bit Server VM JBR-11.0.11.9-1341.60-jcef (11.0.11+9-b1341.60, mixed mode, tiered, compressed oops, g1 gc, windows-amd64)
# No core dump will be written. Minidumps are not enabled by default on client versions of Windows
#

---------------  S U M M A R Y ------------

Command Line: -Djava.rmi.server.hostname=127.0.0.1 -Duser.timezone=UTC -Xmx750m -Xms128m -Dfile.encoding=UTF-8 com.intellij.database.remote.RemoteJdbcServer org.postgresql.Driver

Host: AMD A9-9420e RADEON R5, 5 COMPUTE CORES 2C+3G  , 2 cores, 3G,  Windows 10 , 64 bit Build 19041 (10.0.19041.1023)
Time: Sun Jul 11 15:31:23 2021 RTZ 2 (зима) elapsed time: 1247.898917 seconds (0d 0h 20m 47s)

---------------  T H R E A D  ---------------

Current thread (0x000001cf112b9800):  JavaThread "C2 CompilerThread0" daemon [_thread_in_native, id=6244, stack(0x000000bf75900000,0x000000bf75a00000)]


Current CompileTask:
C2:1248323 2028       4       java.io.ObjectInputStream::readClassDesc (123 bytes)

Stack: [0x000000bf75900000,0x000000bf75a00000]
Native frames: (J=compiled Java code, j=interpreted, Vv=VM code, C=native code)
V  [jvm.dll+0x5f5c8a]
V  [jvm.dll+0x779405]
V  [jvm.dll+0x77aa1d]
V  [jvm.dll+0x77b0d3]
V  [jvm.dll+0x244bc8]
V  [jvm.dll+0xbd82c]
V  [jvm.dll+0xbdd2c]
V  [jvm.dll+0x2b7bf4]
V  [jvm.dll+0x50a6cb]
V  [jvm.dll+0x2054e3]
V  [jvm.dll+0x1ff24c]
V  [jvm.dll+0x1fc9ff]
V  [jvm.dll+0x18645c]
V  [jvm.dll+0x20b277]
V  [jvm.dll+0x209ac1]
V  [jvm.dll+0x74165f]
V  [jvm.dll+0x73a125]
V  [jvm.dll+0x5f4b76]
C  [ucrtbase.dll+0x21bb2]
C  [KERNEL32.DLL+0x17034]
C  [ntdll.dll+0x52651]


---------------  P R O C E S S  ---------------

Threads class SMR info:
_java_thread_list=0x000001cf12313fd0, length=17, elements={
0x000001cf7a165000, 0x000001cf11296000, 0x000001cf11298000, 0x000001cf11c63000,
0x000001cf112b5000, 0x000001cf112b6800, 0x000001cf112b9800, 0x000001cf112c0800,
0x000001cf11c8c000, 0x000001cf11d9b000, 0x000001cf120bf000, 0x000001cf120b6000,
0x000001cf120b6800, 0x000001cf12110800, 0x000001cf12121000, 0x000001cf12145800,
0x000001cf122bd000
}

Java Threads: ( => current thread )
  0x000001cf7a165000 JavaThread "main" [_thread_blocked, id=11444, stack(0x000000bf74d00000,0x000000bf74e00000)]
  0x000001cf11296000 JavaThread "Reference Handler" daemon [_thread_blocked, id=2716, stack(0x000000bf75400000,0x000000bf75500000)]
  0x000001cf11298000 JavaThread "Finalizer" daemon [_thread_blocked, id=5412, stack(0x000000bf75500000,0x000000bf75600000)]
  0x000001cf11c63000 JavaThread "Signal Dispatcher" daemon [_thread_blocked, id=10716, stack(0x000000bf75600000,0x000000bf75700000)]
  0x000001cf112b5000 JavaThread "Attach Listener" daemon [_thread_blocked, id=11660, stack(0x000000bf75700000,0x000000bf75800000)]
  0x000001cf112b6800 JavaThread "Service Thread" daemon [_thread_blocked, id=6788, stack(0x000000bf75800000,0x000000bf75900000)]
=>0x000001cf112b9800 JavaThread "C2 CompilerThread0" daemon [_thread_in_native, id=6244, stack(0x000000bf75900000,0x000000bf75a00000)]
  0x000001cf112c0800 JavaThread "C1 CompilerThread0" daemon [_thread_blocked, id=8900, stack(0x000000bf75a00000,0x000000bf75b00000)]
  0x000001cf11c8c000 JavaThread "Sweeper thread" daemon [_thread_blocked, id=9800, stack(0x000000bf75b00000,0x000000bf75c00000)]
  0x000001cf11d9b000 JavaThread "Common-Cleaner" daemon [_thread_blocked, id=2288, stack(0x000000bf75d00000,0x000000bf75e00000)]
  0x000001cf120bf000 JavaThread "RMI TCP Accept-19149" daemon [_thread_in_native, id=10492, stack(0x000000bf75e00000,0x000000bf75f00000)]
  0x000001cf120b6000 JavaThread "RMI TCP Accept-0" daemon [_thread_in_native, id=864, stack(0x000000bf75f00000,0x000000bf76000000)]
  0x000001cf120b6800 JavaThread "RMI Reaper" [_thread_blocked, id=11332, stack(0x000000bf76000000,0x000000bf76100000)]
  0x000001cf12110800 JavaThread "RMI GC Daemon" daemon [_thread_blocked, id=10296, stack(0x000000bf76100000,0x000000bf76200000)]
  0x000001cf12121000 JavaThread "RMI TCP Connection(1)-127.0.0.1" daemon [_thread_in_native, id=12224, stack(0x000000bf76200000,0x000000bf76300000)]
  0x000001cf12145800 JavaThread "RMI Scheduler(0)" daemon [_thread_blocked, id=1248, stack(0x000000bf76400000,0x000000bf76500000)]
  0x000001cf122bd000 JavaThread "RMI TCP Connection(5)-127.0.0.1" daemon [_thread_in_native, id=1704, stack(0x000000bf76d00000,0x000000bf76e00000)]

Other Threads:
  0x000001cf11272800 VMThread "VM Thread" [stack: 0x000000bf75300000,0x000000bf75400000] [id=6728]
  0x000001cf11d82000 WatcherThread [stack: 0x000000bf75c00000,0x000000bf75d00000] [id=12016]
  0x000001cf7a17f800 GCTaskThread "GC Thread#0" [stack: 0x000000bf74e00000,0x000000bf74f00000] [id=204]
  0x000001cf11d71800 GCTaskThread "GC Thread#1" [stack: 0x000000bf76500000,0x000000bf76600000] [id=7072]
  0x000001cf7a196800 ConcurrentGCThread "G1 Main Marker" [stack: 0x000000bf74f00000,0x000000bf75000000] [id=8516]
  0x000001cf7a199000 ConcurrentGCThread "G1 Conc#0" [stack: 0x000000bf75000000,0x000000bf75100000] [id=4424]
  0x000001cf7a21c000 ConcurrentGCThread "G1 Refine#0" [stack: 0x000000bf75100000,0x000000bf75200000] [id=5520]
  0x000001cf7a21d000 ConcurrentGCThread "G1 Young RemSet Sampling" [stack: 0x000000bf75200000,0x000000bf75300000] [id=9204]

Threads with active compile tasks:
C2 CompilerThread01251359 2028       4       java.io.ObjectInputStream::readClassDesc (123 bytes)

VM state:not at safepoint (normal execution)

VM Mutex/Monitor currently owned by a thread: None

Heap address: 0x00000000d1200000, size: 750 MB, Compressed Oops mode: 32-bit
Narrow klass base: 0x0000000000000000, Narrow klass shift: 3
Compressed class space size: 1073741824 Address: 0x0000000100000000

Heap:
 garbage-first heap   total 131072K, used 7993K [0x00000000d1200000, 0x0000000100000000)
  region size 1024K, 6 young (6144K), 2 survivors (2048K)
 Metaspace       used 16486K, capacity 16957K, committed 17152K, reserved 1064960K
  class space    used 1599K, capacity 1764K, committed 1792K, reserved 1048576K
Heap Regions: E=young(eden), S=young(survivor), O=old, HS=humongous(starts), HC=humongous(continues), CS=collection set, F=free, A=archive, TAMS=top-at-mark-start (previous, next)
|   0|0x00000000d1200000, 0x00000000d1300000, 0x00000000d1300000|100%| O|  |TAMS 0x00000000d1200000, 0x00000000d1200000| Untracked 
|   1|0x00000000d1300000, 0x00000000d1400000, 0x00000000d1400000|100%| O|  |TAMS 0x00000000d1300000, 0x00000000d1300000| Untracked 
|   2|0x00000000d1400000, 0x00000000d1500000, 0x00000000d1500000|100%| O|  |TAMS 0x00000000d1400000, 0x00000000d1400000| Untracked 
|   3|0x00000000d1500000, 0x00000000d1554400, 0x00000000d1600000| 32%| O|  |TAMS 0x00000000d1500000, 0x00000000d1500000| Untracked 
|   4|0x00000000d1600000, 0x00000000d1600000, 0x00000000d1700000|  0%| F|  |TAMS 0x00000000d1600000, 0x00000000d1600000| Untracked 
|   5|0x00000000d1700000, 0x00000000d1700000, 0x00000000d1800000|  0%| F|  |TAMS 0x00000000d1700000, 0x00000000d1700000| Untracked 
|   6|0x00000000d1800000, 0x00000000d1800000, 0x00000000d1900000|  0%| F|  |TAMS 0x00000000d1800000, 0x00000000d1800000| Untracked 
|   7|0x00000000d1900000, 0x00000000d1900000, 0x00000000d1a00000|  0%| F|  |TAMS 0x00000000d1900000, 0x00000000d1900000| Untracked 
|   8|0x00000000d1a00000, 0x00000000d1a00000, 0x00000000d1b00000|  0%| F|  |TAMS 0x00000000d1a00000, 0x00000000d1a00000| Untracked 
|   9|0x00000000d1b00000, 0x00000000d1b00000, 0x00000000d1c00000|  0%| F|  |TAMS 0x00000000d1b00000, 0x00000000d1b00000| Untracked 
|  10|0x00000000d1c00000, 0x00000000d1c00000, 0x00000000d1d00000|  0%| F|  |TAMS 0x00000000d1c00000, 0x00000000d1c00000| Untracked 
|  11|0x00000000d1d00000, 0x00000000d1d00000, 0x00000000d1e00000|  0%| F|  |TAMS 0x00000000d1d00000, 0x00000000d1d00000| Untracked 
|  12|0x00000000d1e00000, 0x00000000d1e00000, 0x00000000d1f00000|  0%| F|  |TAMS 0x00000000d1e00000, 0x00000000d1e00000| Untracked 
|  13|0x00000000d1f00000, 0x00000000d1f00000, 0x00000000d2000000|  0%| F|  |TAMS 0x00000000d1f00000, 0x00000000d1f00000| Untracked 
|  14|0x00000000d2000000, 0x00000000d2000000, 0x00000000d2100000|  0%| F|  |TAMS 0x00000000d2000000, 0x00000000d2000000| Untracked 
|  15|0x00000000d2100000, 0x00000000d2100000, 0x00000000d2200000|  0%| F|  |TAMS 0x00000000d2100000, 0x00000000d2100000| Untracked 
|  16|0x00000000d2200000, 0x00000000d2200000, 0x00000000d2300000|  0%| F|  |TAMS 0x00000000d2200000, 0x00000000d2200000| Untracked 
|  17|0x00000000d2300000, 0x00000000d2300000, 0x00000000d2400000|  0%| F|  |TAMS 0x00000000d2300000, 0x00000000d2300000| Untracked 
|  18|0x00000000d2400000, 0x00000000d2400000, 0x00000000d2500000|  0%| F|  |TAMS 0x00000000d2400000, 0x00000000d2400000| Untracked 
|  19|0x00000000d2500000, 0x00000000d2500000, 0x00000000d2600000|  0%| F|  |TAMS 0x00000000d2500000, 0x00000000d2500000| Untracked 
|  20|0x00000000d2600000, 0x00000000d2600000, 0x00000000d2700000|  0%| F|  |TAMS 0x00000000d2600000, 0x00000000d2600000| Untracked 
|  21|0x00000000d2700000, 0x00000000d2700000, 0x00000000d2800000|  0%| F|  |TAMS 0x00000000d2700000, 0x00000000d2700000| Untracked 
|  22|0x00000000d2800000, 0x00000000d2800000, 0x00000000d2900000|  0%| F|  |TAMS 0x00000000d2800000, 0x00000000d2800000| Untracked 
|  23|0x00000000d2900000, 0x00000000d2900000, 0x00000000d2a00000|  0%| F|  |TAMS 0x00000000d2900000, 0x00000000d2900000| Untracked 
|  24|0x00000000d2a00000, 0x00000000d2a00000, 0x00000000d2b00000|  0%| F|  |TAMS 0x00000000d2a00000, 0x00000000d2a00000| Untracked 
|  25|0x00000000d2b00000, 0x00000000d2b00000, 0x00000000d2c00000|  0%| F|  |TAMS 0x00000000d2b00000, 0x00000000d2b00000| Untracked 
|  26|0x00000000d2c00000, 0x00000000d2c00000, 0x00000000d2d00000|  0%| F|  |TAMS 0x00000000d2c00000, 0x00000000d2c00000| Untracked 
|  27|0x00000000d2d00000, 0x00000000d2d00000, 0x00000000d2e00000|  0%| F|  |TAMS 0x00000000d2d00000, 0x00000000d2d00000| Untracked 
|  28|0x00000000d2e00000, 0x00000000d2e00000, 0x00000000d2f00000|  0%| F|  |TAMS 0x00000000d2e00000, 0x00000000d2e00000| Untracked 
|  29|0x00000000d2f00000, 0x00000000d2f00000, 0x00000000d3000000|  0%| F|  |TAMS 0x00000000d2f00000, 0x00000000d2f00000| Untracked 
|  30|0x00000000d3000000, 0x00000000d3000000, 0x00000000d3100000|  0%| F|  |TAMS 0x00000000d3000000, 0x00000000d3000000| Untracked 
|  31|0x00000000d3100000, 0x00000000d3100000, 0x00000000d3200000|  0%| F|  |TAMS 0x00000000d3100000, 0x00000000d3100000| Untracked 
|  32|0x00000000d3200000, 0x00000000d3200000, 0x00000000d3300000|  0%| F|  |TAMS 0x00000000d3200000, 0x00000000d3200000| Untracked 
|  33|0x00000000d3300000, 0x00000000d3300000, 0x00000000d3400000|  0%| F|  |TAMS 0x00000000d3300000, 0x00000000d3300000| Untracked 
|  34|0x00000000d3400000, 0x00000000d3400000, 0x00000000d3500000|  0%| F|  |TAMS 0x00000000d3400000, 0x00000000d3400000| Untracked 
|  35|0x00000000d3500000, 0x00000000d3500000, 0x00000000d3600000|  0%| F|  |TAMS 0x00000000d3500000, 0x00000000d3500000| Untracked 
|  36|0x00000000d3600000, 0x00000000d3600000, 0x00000000d3700000|  0%| F|  |TAMS 0x00000000d3600000, 0x00000000d3600000| Untracked 
|  37|0x00000000d3700000, 0x00000000d3700000, 0x00000000d3800000|  0%| F|  |TAMS 0x00000000d3700000, 0x00000000d3700000| Untracked 
|  38|0x00000000d3800000, 0x00000000d3800000, 0x00000000d3900000|  0%| F|  |TAMS 0x00000000d3800000, 0x00000000d3800000| Untracked 
|  39|0x00000000d3900000, 0x00000000d3900000, 0x00000000d3a00000|  0%| F|  |TAMS 0x00000000d3900000, 0x00000000d3900000| Untracked 
|  40|0x00000000d3a00000, 0x00000000d3a00000, 0x00000000d3b00000|  0%| F|  |TAMS 0x00000000d3a00000, 0x00000000d3a00000| Untracked 
|  41|0x00000000d3b00000, 0x00000000d3b00000, 0x00000000d3c00000|  0%| F|  |TAMS 0x00000000d3b00000, 0x00000000d3b00000| Untracked 
|  42|0x00000000d3c00000, 0x00000000d3c00000, 0x00000000d3d00000|  0%| F|  |TAMS 0x00000000d3c00000, 0x00000000d3c00000| Untracked 
|  43|0x00000000d3d00000, 0x00000000d3d00000, 0x00000000d3e00000|  0%| F|  |TAMS 0x00000000d3d00000, 0x00000000d3d00000| Untracked 
|  44|0x00000000d3e00000, 0x00000000d3e00000, 0x00000000d3f00000|  0%| F|  |TAMS 0x00000000d3e00000, 0x00000000d3e00000| Untracked 
|  45|0x00000000d3f00000, 0x00000000d3f00000, 0x00000000d4000000|  0%| F|  |TAMS 0x00000000d3f00000, 0x00000000d3f00000| Untracked 
|  46|0x00000000d4000000, 0x00000000d4000000, 0x00000000d4100000|  0%| F|  |TAMS 0x00000000d4000000, 0x00000000d4000000| Untracked 
|  47|0x00000000d4100000, 0x00000000d4100000, 0x00000000d4200000|  0%| F|  |TAMS 0x00000000d4100000, 0x00000000d4100000| Untracked 
|  48|0x00000000d4200000, 0x00000000d4200000, 0x00000000d4300000|  0%| F|  |TAMS 0x00000000d4200000, 0x00000000d4200000| Untracked 
|  49|0x00000000d4300000, 0x00000000d4300000, 0x00000000d4400000|  0%| F|  |TAMS 0x00000000d4300000, 0x00000000d4300000| Untracked 
|  50|0x00000000d4400000, 0x00000000d4400000, 0x00000000d4500000|  0%| F|  |TAMS 0x00000000d4400000, 0x00000000d4400000| Untracked 
|  51|0x00000000d4500000, 0x00000000d4500000, 0x00000000d4600000|  0%| F|  |TAMS 0x00000000d4500000, 0x00000000d4500000| Untracked 
|  52|0x00000000d4600000, 0x00000000d4600000, 0x00000000d4700000|  0%| F|  |TAMS 0x00000000d4600000, 0x00000000d4600000| Untracked 
|  53|0x00000000d4700000, 0x00000000d4700000, 0x00000000d4800000|  0%| F|  |TAMS 0x00000000d4700000, 0x00000000d4700000| Untracked 
|  54|0x00000000d4800000, 0x00000000d4800000, 0x00000000d4900000|  0%| F|  |TAMS 0x00000000d4800000, 0x00000000d4800000| Untracked 
|  55|0x00000000d4900000, 0x00000000d4900000, 0x00000000d4a00000|  0%| F|  |TAMS 0x00000000d4900000, 0x00000000d4900000| Untracked 
|  56|0x00000000d4a00000, 0x00000000d4a00000, 0x00000000d4b00000|  0%| F|  |TAMS 0x00000000d4a00000, 0x00000000d4a00000| Untracked 
|  57|0x00000000d4b00000, 0x00000000d4b00000, 0x00000000d4c00000|  0%| F|  |TAMS 0x00000000d4b00000, 0x00000000d4b00000| Untracked 
|  58|0x00000000d4c00000, 0x00000000d4c00000, 0x00000000d4d00000|  0%| F|  |TAMS 0x00000000d4c00000, 0x00000000d4c00000| Untracked 
|  59|0x00000000d4d00000, 0x00000000d4d00000, 0x00000000d4e00000|  0%| F|  |TAMS 0x00000000d4d00000, 0x00000000d4d00000| Untracked 
|  60|0x00000000d4e00000, 0x00000000d4e00000, 0x00000000d4f00000|  0%| F|  |TAMS 0x00000000d4e00000, 0x00000000d4e00000| Untracked 
|  61|0x00000000d4f00000, 0x00000000d4f00000, 0x00000000d5000000|  0%| F|  |TAMS 0x00000000d4f00000, 0x00000000d4f00000| Untracked 
|  62|0x00000000d5000000, 0x00000000d5000000, 0x00000000d5100000|  0%| F|  |TAMS 0x00000000d5000000, 0x00000000d5000000| Untracked 
|  63|0x00000000d5100000, 0x00000000d5100000, 0x00000000d5200000|  0%| F|  |TAMS 0x00000000d5100000, 0x00000000d5100000| Untracked 
|  64|0x00000000d5200000, 0x00000000d5200000, 0x00000000d5300000|  0%| F|  |TAMS 0x00000000d5200000, 0x00000000d5200000| Untracked 
|  65|0x00000000d5300000, 0x00000000d5300000, 0x00000000d5400000|  0%| F|  |TAMS 0x00000000d5300000, 0x00000000d5300000| Untracked 
|  66|0x00000000d5400000, 0x00000000d5400000, 0x00000000d5500000|  0%| F|  |TAMS 0x00000000d5400000, 0x00000000d5400000| Untracked 
|  67|0x00000000d5500000, 0x00000000d5500000, 0x00000000d5600000|  0%| F|  |TAMS 0x00000000d5500000, 0x00000000d5500000| Untracked 
|  68|0x00000000d5600000, 0x00000000d5600000, 0x00000000d5700000|  0%| F|  |TAMS 0x00000000d5600000, 0x00000000d5600000| Untracked 
|  69|0x00000000d5700000, 0x00000000d5700000, 0x00000000d5800000|  0%| F|  |TAMS 0x00000000d5700000, 0x00000000d5700000| Untracked 
|  70|0x00000000d5800000, 0x00000000d5800000, 0x00000000d5900000|  0%| F|  |TAMS 0x00000000d5800000, 0x00000000d5800000| Untracked 
|  71|0x00000000d5900000, 0x00000000d5900000, 0x00000000d5a00000|  0%| F|  |TAMS 0x00000000d5900000, 0x00000000d5900000| Untracked 
|  72|0x00000000d5a00000, 0x00000000d5a00000, 0x00000000d5b00000|  0%| F|  |TAMS 0x00000000d5a00000, 0x00000000d5a00000| Untracked 
|  73|0x00000000d5b00000, 0x00000000d5b00000, 0x00000000d5c00000|  0%| F|  |TAMS 0x00000000d5b00000, 0x00000000d5b00000| Untracked 
|  74|0x00000000d5c00000, 0x00000000d5c00000, 0x00000000d5d00000|  0%| F|  |TAMS 0x00000000d5c00000, 0x00000000d5c00000| Untracked 
|  75|0x00000000d5d00000, 0x00000000d5d00000, 0x00000000d5e00000|  0%| F|  |TAMS 0x00000000d5d00000, 0x00000000d5d00000| Untracked 
|  76|0x00000000d5e00000, 0x00000000d5e00000, 0x00000000d5f00000|  0%| F|  |TAMS 0x00000000d5e00000, 0x00000000d5e00000| Untracked 
|  77|0x00000000d5f00000, 0x00000000d5f00000, 0x00000000d6000000|  0%| F|  |TAMS 0x00000000d5f00000, 0x00000000d5f00000| Untracked 
|  78|0x00000000d6000000, 0x00000000d6000000, 0x00000000d6100000|  0%| F|  |TAMS 0x00000000d6000000, 0x00000000d6000000| Untracked 
|  79|0x00000000d6100000, 0x00000000d6100000, 0x00000000d6200000|  0%| F|  |TAMS 0x00000000d6100000, 0x00000000d6100000| Untracked 
|  80|0x00000000d6200000, 0x00000000d6200000, 0x00000000d6300000|  0%| F|  |TAMS 0x00000000d6200000, 0x00000000d6200000| Untracked 
|  81|0x00000000d6300000, 0x00000000d6300000, 0x00000000d6400000|  0%| F|  |TAMS 0x00000000d6300000, 0x00000000d6300000| Untracked 
|  82|0x00000000d6400000, 0x00000000d6400000, 0x00000000d6500000|  0%| F|  |TAMS 0x00000000d6400000, 0x00000000d6400000| Untracked 
|  83|0x00000000d6500000, 0x00000000d6500000, 0x00000000d6600000|  0%| F|  |TAMS 0x00000000d6500000, 0x00000000d6500000| Untracked 
|  84|0x00000000d6600000, 0x00000000d6600000, 0x00000000d6700000|  0%| F|  |TAMS 0x00000000d6600000, 0x00000000d6600000| Untracked 
|  85|0x00000000d6700000, 0x00000000d6700000, 0x00000000d6800000|  0%| F|  |TAMS 0x00000000d6700000, 0x00000000d6700000| Untracked 
|  86|0x00000000d6800000, 0x00000000d6800000, 0x00000000d6900000|  0%| F|  |TAMS 0x00000000d6800000, 0x00000000d6800000| Untracked 
|  87|0x00000000d6900000, 0x00000000d6900000, 0x00000000d6a00000|  0%| F|  |TAMS 0x00000000d6900000, 0x00000000d6900000| Untracked 
|  88|0x00000000d6a00000, 0x00000000d6a00000, 0x00000000d6b00000|  0%| F|  |TAMS 0x00000000d6a00000, 0x00000000d6a00000| Untracked 
|  89|0x00000000d6b00000, 0x00000000d6b00000, 0x00000000d6c00000|  0%| F|  |TAMS 0x00000000d6b00000, 0x00000000d6b00000| Untracked 
|  90|0x00000000d6c00000, 0x00000000d6c00000, 0x00000000d6d00000|  0%| F|  |TAMS 0x00000000d6c00000, 0x00000000d6c00000| Untracked 
|  91|0x00000000d6d00000, 0x00000000d6d00000, 0x00000000d6e00000|  0%| F|  |TAMS 0x00000000d6d00000, 0x00000000d6d00000| Untracked 
|  92|0x00000000d6e00000, 0x00000000d6e00000, 0x00000000d6f00000|  0%| F|  |TAMS 0x00000000d6e00000, 0x00000000d6e00000| Untracked 
|  93|0x00000000d6f00000, 0x00000000d6f00000, 0x00000000d7000000|  0%| F|  |TAMS 0x00000000d6f00000, 0x00000000d6f00000| Untracked 
|  94|0x00000000d7000000, 0x00000000d7000000, 0x00000000d7100000|  0%| F|  |TAMS 0x00000000d7000000, 0x00000000d7000000| Untracked 
|  95|0x00000000d7100000, 0x00000000d7100000, 0x00000000d7200000|  0%| F|  |TAMS 0x00000000d7100000, 0x00000000d7100000| Untracked 
|  96|0x00000000d7200000, 0x00000000d7200000, 0x00000000d7300000|  0%| F|  |TAMS 0x00000000d7200000, 0x00000000d7200000| Untracked 
|  97|0x00000000d7300000, 0x00000000d7300000, 0x00000000d7400000|  0%| F|  |TAMS 0x00000000d7300000, 0x00000000d7300000| Untracked 
|  98|0x00000000d7400000, 0x00000000d7400000, 0x00000000d7500000|  0%| F|  |TAMS 0x00000000d7400000, 0x00000000d7400000| Untracked 
|  99|0x00000000d7500000, 0x00000000d7500000, 0x00000000d7600000|  0%| F|  |TAMS 0x00000000d7500000, 0x00000000d7500000| Untracked 
| 100|0x00000000d7600000, 0x00000000d7600000, 0x00000000d7700000|  0%| F|  |TAMS 0x00000000d7600000, 0x00000000d7600000| Untracked 
| 101|0x00000000d7700000, 0x00000000d7700000, 0x00000000d7800000|  0%| F|  |TAMS 0x00000000d7700000, 0x00000000d7700000| Untracked 
| 102|0x00000000d7800000, 0x00000000d7800000, 0x00000000d7900000|  0%| F|  |TAMS 0x00000000d7800000, 0x00000000d7800000| Untracked 
| 103|0x00000000d7900000, 0x00000000d7900000, 0x00000000d7a00000|  0%| F|  |TAMS 0x00000000d7900000, 0x00000000d7900000| Untracked 
| 104|0x00000000d7a00000, 0x00000000d7a00000, 0x00000000d7b00000|  0%| F|  |TAMS 0x00000000d7a00000, 0x00000000d7a00000| Untracked 
| 105|0x00000000d7b00000, 0x00000000d7b7a118, 0x00000000d7c00000| 47%| S|CS|TAMS 0x00000000d7b00000, 0x00000000d7b00000| Complete 
| 106|0x00000000d7c00000, 0x00000000d7d00000, 0x00000000d7d00000|100%| S|CS|TAMS 0x00000000d7c00000, 0x00000000d7c00000| Complete 
| 107|0x00000000d7d00000, 0x00000000d7d00000, 0x00000000d7e00000|  0%| F|  |TAMS 0x00000000d7d00000, 0x00000000d7d00000| Untracked 
| 108|0x00000000d7e00000, 0x00000000d7e00000, 0x00000000d7f00000|  0%| F|  |TAMS 0x00000000d7e00000, 0x00000000d7e00000| Untracked 
| 109|0x00000000d7f00000, 0x00000000d7f00000, 0x00000000d8000000|  0%| F|  |TAMS 0x00000000d7f00000, 0x00000000d7f00000| Untracked 
| 110|0x00000000d8000000, 0x00000000d8000000, 0x00000000d8100000|  0%| F|  |TAMS 0x00000000d8000000, 0x00000000d8000000| Untracked 
| 111|0x00000000d8100000, 0x00000000d8100000, 0x00000000d8200000|  0%| F|  |TAMS 0x00000000d8100000, 0x00000000d8100000| Untracked 
| 112|0x00000000d8200000, 0x00000000d8200000, 0x00000000d8300000|  0%| F|  |TAMS 0x00000000d8200000, 0x00000000d8200000| Untracked 
| 113|0x00000000d8300000, 0x00000000d8300000, 0x00000000d8400000|  0%| F|  |TAMS 0x00000000d8300000, 0x00000000d8300000| Untracked 
| 114|0x00000000d8400000, 0x00000000d8400000, 0x00000000d8500000|  0%| F|  |TAMS 0x00000000d8400000, 0x00000000d8400000| Untracked 
| 115|0x00000000d8500000, 0x00000000d8500000, 0x00000000d8600000|  0%| F|  |TAMS 0x00000000d8500000, 0x00000000d8500000| Untracked 
| 116|0x00000000d8600000, 0x00000000d8600000, 0x00000000d8700000|  0%| F|  |TAMS 0x00000000d8600000, 0x00000000d8600000| Untracked 
| 117|0x00000000d8700000, 0x00000000d8700000, 0x00000000d8800000|  0%| F|  |TAMS 0x00000000d8700000, 0x00000000d8700000| Untracked 
| 118|0x00000000d8800000, 0x00000000d8800000, 0x00000000d8900000|  0%| F|  |TAMS 0x00000000d8800000, 0x00000000d8800000| Untracked 
| 119|0x00000000d8900000, 0x00000000d8900000, 0x00000000d8a00000|  0%| F|  |TAMS 0x00000000d8900000, 0x00000000d8900000| Untracked 
| 120|0x00000000d8a00000, 0x00000000d8a00000, 0x00000000d8b00000|  0%| F|  |TAMS 0x00000000d8a00000, 0x00000000d8a00000| Untracked 
| 121|0x00000000d8b00000, 0x00000000d8b00000, 0x00000000d8c00000|  0%| F|  |TAMS 0x00000000d8b00000, 0x00000000d8b00000| Untracked 
| 122|0x00000000d8c00000, 0x00000000d8c00000, 0x00000000d8d00000|  0%| F|  |TAMS 0x00000000d8c00000, 0x00000000d8c00000| Untracked 
| 123|0x00000000d8d00000, 0x00000000d8d00000, 0x00000000d8e00000|  0%| F|  |TAMS 0x00000000d8d00000, 0x00000000d8d00000| Untracked 
| 124|0x00000000d8e00000, 0x00000000d8e15918, 0x00000000d8f00000|  8%| E|  |TAMS 0x00000000d8e00000, 0x00000000d8e00000| Complete 
| 125|0x00000000d8f00000, 0x00000000d9000000, 0x00000000d9000000|100%| E|CS|TAMS 0x00000000d8f00000, 0x00000000d8f00000| Complete 
| 126|0x00000000d9000000, 0x00000000d9100000, 0x00000000d9100000|100%| E|CS|TAMS 0x00000000d9000000, 0x00000000d9000000| Complete 
| 127|0x00000000d9100000, 0x00000000d9200000, 0x00000000d9200000|100%| E|CS|TAMS 0x00000000d9100000, 0x00000000d9100000| Complete 

Card table byte_map: [0x000001cf7e350000,0x000001cf7e4d0000] _byte_map_base: 0x000001cf7dcc7000

Marking Bits (Prev, Next): (CMBitMap*) 0x000001cf7a192dc8, (CMBitMap*) 0x000001cf7a192e00
 Prev Bits: [0x000001cf7e650000, 0x000001cf7f208000)
 Next Bits: [0x000001cf7f210000, 0x000001cf7fdc8000)

Polling page: 0x000001cf7dda0000

Metaspace:

Usage:
  Non-class:     14.84 MB capacity,    14.54 MB ( 98%) used,   267.62 KB (  2%) free+waste,    38.69 KB ( <1%) overhead. 
      Class:      1.72 MB capacity,     1.56 MB ( 91%) used,   146.80 KB (  8%) free+waste,    17.75 KB (  1%) overhead. 
       Both:     16.56 MB capacity,    16.10 MB ( 97%) used,   414.42 KB (  2%) free+waste,    56.44 KB ( <1%) overhead. 

Virtual space:
  Non-class space:       16.00 MB reserved,      15.00 MB ( 94%) committed 
      Class space:        1.00 GB reserved,       1.75 MB ( <1%) committed 
             Both:        1.02 GB reserved,      16.75 MB (  2%) committed 

Chunk freelists:
   Non-Class:  39.00 KB
       Class:  0 bytes
        Both:  39.00 KB

MaxMetaspaceSize: 17179869184.00 GB
CompressedClassSpaceSize: 1.00 GB

CodeHeap 'non-profiled nmethods': size=120064Kb used=864Kb max_used=864Kb free=119199Kb
 bounds [0x000001cf07ac0000, 0x000001cf07d30000, 0x000001cf0f000000]
CodeHeap 'profiled nmethods': size=120000Kb used=4354Kb max_used=4354Kb free=115645Kb
 bounds [0x000001cf00590000, 0x000001cf009e0000, 0x000001cf07ac0000]
CodeHeap 'non-nmethods': size=5696Kb used=1118Kb max_used=1180Kb free=4577Kb
 bounds [0x000001cf00000000, 0x000001cf00270000, 0x000001cf00590000]
 total_blobs=2472 nmethods=2026 adapters=359
 compilation: enabled
              stopped_count=0, restarted_count=0
 full_count=0

Compilation events (20 events):
Event: 458.379 Thread 0x000001cf112c0800 nmethod 2017 0x000001cf009ced90 code [0x000001cf009cefc0, 0x000001cf009cf418]
Event: 459.912 Thread 0x000001cf112c0800 2018  s    3       sun.rmi.transport.DGCAckHandler::startTimer (41 bytes)
Event: 459.913 Thread 0x000001cf112c0800 nmethod 2018 0x000001cf009cf590 code [0x000001cf009cf780, 0x000001cf009cfca8]
Event: 478.242 Thread 0x000001cf112b9800 2019   !   4       java.net.AbstractPlainSocketImpl::releaseFD (74 bytes)
Event: 478.245 Thread 0x000001cf112b9800 nmethod 2019 0x000001cf07b95510 code [0x000001cf07b956a0, 0x000001cf07b95918]
Event: 509.934 Thread 0x000001cf112b9800 2020       4       java.lang.String::<init> (74 bytes)
Event: 509.943 Thread 0x000001cf112b9800 nmethod 2020 0x000001cf07b95a10 code [0x000001cf07b95bc0, 0x000001cf07b95fb8]
Event: 518.329 Thread 0x000001cf112c0800 2021       3       java.io.ObjectInputStream::setObjectInputFilter (73 bytes)
Event: 518.331 Thread 0x000001cf112c0800 nmethod 2021 0x000001cf009cfe10 code [0x000001cf009d0040, 0x000001cf009d0768]
Event: 637.885 Thread 0x000001cf112b9800 2023       4       java.rmi.server.UID::equals (54 bytes)
Event: 637.893 Thread 0x000001cf112b9800 nmethod 2023 0x000001cf07b96110 code [0x000001cf07b962a0, 0x000001cf07b963b8]
Event: 673.564 Thread 0x000001cf112b9800 2024       4       java.util.Arrays::hashCode (56 bytes)
Event: 673.575 Thread 0x000001cf112b9800 nmethod 2024 0x000001cf07b96510 code [0x000001cf07b966c0, 0x000001cf07b96998]
Event: 678.800 Thread 0x000001cf112b9800 2025       4       java.io.ObjectInputStream::readNull (27 bytes)
Event: 678.825 Thread 0x000001cf112b9800 nmethod 2025 0x000001cf07b96c10 code [0x000001cf07b96de0, 0x000001cf07b973d8]
Event: 770.198 Thread 0x000001cf112b9800 2026       4       java.lang.String::regionMatches (187 bytes)
Event: 770.213 Thread 0x000001cf112b9800 nmethod 2026 0x000001cf07b97710 code [0x000001cf07b978c0, 0x000001cf07b97c68]
Event: 1074.163 Thread 0x000001cf112b9800 2027       4       java.util.Arrays::equals (57 bytes)
Event: 1074.170 Thread 0x000001cf112b9800 nmethod 2027 0x000001cf07b97f90 code [0x000001cf07b98120, 0x000001cf07b98278]
Event: 1246.608 Thread 0x000001cf112b9800 2028       4       java.io.ObjectInputStream::readClassDesc (123 bytes)

GC Heap History (8 events):
Event: 11.860 GC heap before
{Heap before GC invocations=0 (full 0):
 garbage-first heap   total 131072K, used 7168K [0x00000000d1200000, 0x0000000100000000)
  region size 1024K, 7 young (7168K), 0 survivors (0K)
 Metaspace       used 10231K, capacity 10580K, committed 10624K, reserved 1058816K
  class space    used 1017K, capacity 1133K, committed 1152K, reserved 1048576K
}
Event: 11.907 GC heap after
{Heap after GC invocations=1 (full 0):
 garbage-first heap   total 131072K, used 2907K [0x00000000d1200000, 0x0000000100000000)
  region size 1024K, 1 young (1024K), 1 survivors (1024K)
 Metaspace       used 10231K, capacity 10580K, committed 10624K, reserved 1058816K
  class space    used 1017K, capacity 1133K, committed 1152K, reserved 1048576K
}
Event: 13.354 GC heap before
{Heap before GC invocations=1 (full 0):
 garbage-first heap   total 131072K, used 7003K [0x00000000d1200000, 0x0000000100000000)
  region size 1024K, 6 young (6144K), 1 survivors (1024K)
 Metaspace       used 12979K, capacity 13292K, committed 13568K, reserved 1060864K
  class space    used 1341K, capacity 1484K, committed 1536K, reserved 1048576K
}
Event: 13.367 GC heap after
{Heap after GC invocations=2 (full 0):
 garbage-first heap   total 131072K, used 3432K [0x00000000d1200000, 0x0000000100000000)
  region size 1024K, 1 young (1024K), 1 survivors (1024K)
 Metaspace       used 12979K, capacity 13292K, committed 13568K, reserved 1060864K
  class space    used 1341K, capacity 1484K, committed 1536K, reserved 1048576K
}
Event: 22.293 GC heap before
{Heap before GC invocations=2 (full 0):
 garbage-first heap   total 131072K, used 17768K [0x00000000d1200000, 0x0000000100000000)
  region size 1024K, 16 young (16384K), 1 survivors (1024K)
 Metaspace       used 16276K, capacity 16784K, committed 16896K, reserved 1064960K
  class space    used 1592K, capacity 1755K, committed 1792K, reserved 1048576K
}
Event: 22.313 GC heap after
{Heap after GC invocations=3 (full 0):
 garbage-first heap   total 131072K, used 4641K [0x00000000d1200000, 0x0000000100000000)
  region size 1024K, 2 young (2048K), 2 survivors (2048K)
 Metaspace       used 16276K, capacity 16784K, committed 16896K, reserved 1064960K
  class space    used 1592K, capacity 1755K, committed 1792K, reserved 1048576K
}
Event: 241.337 GC heap before
{Heap before GC invocations=3 (full 0):
 garbage-first heap   total 131072K, used 24097K [0x00000000d1200000, 0x0000000100000000)
  region size 1024K, 21 young (21504K), 2 survivors (2048K)
 Metaspace       used 16453K, capacity 16957K, committed 17152K, reserved 1064960K
  class space    used 1599K, capacity 1764K, committed 1792K, reserved 1048576K
}
Event: 241.372 GC heap after
{Heap after GC invocations=4 (full 0):
 garbage-first heap   total 131072K, used 4921K [0x00000000d1200000, 0x0000000100000000)
  region size 1024K, 2 young (2048K), 2 survivors (2048K)
 Metaspace       used 16453K, capacity 16957K, committed 17152K, reserved 1064960K
  class space    used 1599K, capacity 1764K, committed 1792K, reserved 1048576K
}

Deoptimization events (20 events):
Event: 16.572 Thread 0x000001cf12140800 DEOPT PACKING pc=0x000001cf07b0cf24 sp=0x000000bf763fa530
Event: 16.572 Thread 0x000001cf12140800 DEOPT UNPACKING pc=0x000001cf0002662f sp=0x000000bf763fa4d0 mode 2
Event: 16.572 Thread 0x000001cf12140800 Uncommon trap: trap_request=0xffffffc6 fr.pc=0x000001cf07b0cf24 relative=0x0000000000000d04
Event: 16.572 Thread 0x000001cf12140800 Uncommon trap: reason=bimorphic_or_optimized_type_check action=maybe_recompile pc=0x000001cf07b0cf24 method=java.util.HashMap.putVal(ILjava/lang/Object;Ljava/lang/Object;ZZ)Ljava/lang/Object; @ 91 c2
Event: 16.572 Thread 0x000001cf12140800 DEOPT PACKING pc=0x000001cf07b0cf24 sp=0x000000bf763fa530
Event: 16.572 Thread 0x000001cf12140800 DEOPT UNPACKING pc=0x000001cf0002662f sp=0x000000bf763fa4d0 mode 2
Event: 16.572 Thread 0x000001cf12140800 Uncommon trap: trap_request=0xffffffc6 fr.pc=0x000001cf07b0cf24 relative=0x0000000000000d04
Event: 16.572 Thread 0x000001cf12140800 Uncommon trap: reason=bimorphic_or_optimized_type_check action=maybe_recompile pc=0x000001cf07b0cf24 method=java.util.HashMap.putVal(ILjava/lang/Object;Ljava/lang/Object;ZZ)Ljava/lang/Object; @ 91 c2
Event: 16.572 Thread 0x000001cf12140800 DEOPT PACKING pc=0x000001cf07b0cf24 sp=0x000000bf763fa530
Event: 16.572 Thread 0x000001cf12140800 DEOPT UNPACKING pc=0x000001cf0002662f sp=0x000000bf763fa4d0 mode 2
Event: 16.572 Thread 0x000001cf12140800 Uncommon trap: trap_request=0xffffffc6 fr.pc=0x000001cf07b0cf24 relative=0x0000000000000d04
Event: 16.572 Thread 0x000001cf12140800 Uncommon trap: reason=bimorphic_or_optimized_type_check action=maybe_recompile pc=0x000001cf07b0cf24 method=java.util.HashMap.putVal(ILjava/lang/Object;Ljava/lang/Object;ZZ)Ljava/lang/Object; @ 91 c2
Event: 16.572 Thread 0x000001cf12140800 DEOPT PACKING pc=0x000001cf07b0cf24 sp=0x000000bf763fa530
Event: 16.572 Thread 0x000001cf12140800 DEOPT UNPACKING pc=0x000001cf0002662f sp=0x000000bf763fa4d0 mode 2
Event: 16.693 Thread 0x000001cf12140800 DEOPT PACKING pc=0x000001cf00619091 sp=0x000000bf763fac70
Event: 16.693 Thread 0x000001cf12140800 DEOPT UNPACKING pc=0x000001cf00026dde sp=0x000000bf763fa0e8 mode 0
Event: 17.676 Thread 0x000001cf12140800 DEOPT PACKING pc=0x000001cf006e19da sp=0x000000bf763fb8e0
Event: 17.676 Thread 0x000001cf12140800 DEOPT UNPACKING pc=0x000001cf00026dde sp=0x000000bf763fad68 mode 0
Event: 34.486 Thread 0x000001cf11fef800 DEOPT PACKING pc=0x000001cf00693fff sp=0x000000bf767f8e40
Event: 34.486 Thread 0x000001cf11fef800 DEOPT UNPACKING pc=0x000001cf00026dde sp=0x000000bf767f8290 mode 0

Classes redefined (0 events):
No events

Internal exceptions (20 events):
Event: 2.137 Thread 0x000001cf7a165000 Exception <a 'java/security/PrivilegedActionException'{0x00000000d8ff19f8}> (0x00000000d8ff19f8) thrown at [./src/hotspot/share/prims/jvm.cpp, line 1306]
Event: 2.137 Thread 0x000001cf7a165000 Exception <a 'java/security/PrivilegedActionException'{0x00000000d8ff1f70}> (0x00000000d8ff1f70) thrown at [./src/hotspot/share/prims/jvm.cpp, line 1306]
Event: 2.396 Thread 0x000001cf7a165000 Exception <a 'java/lang/NoSuchMethodError'{0x00000000d8ea0f78}: 'java.lang.Object java.lang.invoke.DirectMethodHandle$Holder.invokeStaticInit(java.lang.Object, int, int, int, int)'> (0x00000000d8ea0f78) thrown at [./src/hotspot/share/interpreter/linkResolver.cpp, line 773]
Event: 3.188 Thread 0x000001cf7a165000 Exception <a 'java/lang/NoSuchMethodError'{0x00000000d8ec9b98}: 'java.lang.Object java.lang.invoke.DirectMethodHandle$Holder.invokeStaticInit(java.lang.Object, java.lang.Object, int, int, int, int)'> (0x00000000d8ec9b98) thrown at [./src/hotspot/share/interpreter/linkResolver.cpp, line 773]
Event: 3.518 Thread 0x000001cf12121000 Exception <a 'java/lang/NoSuchMethodError'{0x00000000d8c6eb30}: 'java.lang.Object java.lang.invoke.DirectMethodHandle$Holder.invokeStatic(java.lang.Object, java.lang.Object, java.lang.Object, java.lang.Object, java.lang.Object, java.lang.Object, java.lang.Object, java.lang.Object, java.lang.Object, java.lang.Object, java.lang.Object, java.lang.Object, java.lang.Object, int)'> (0x00000000d8c6eb30) thrown at [./src/hotspot/share/interpreter/linkResolver.cpp, line 773]
Event: 3.526 Thread 0x000001cf12121000 Exception <a 'java/lang/NoSuchMethodError'{0x00000000d8c7b840}: 'java.lang.Object java.lang.invoke.DirectMethodHandle$Holder.invokeStatic(java.lang.Object, java.lang.Object, java.lang.Object, java.lang.Object, java.lang.Object, java.lang.Object, java.lang.Object, java.lang.Object, java.lang.Object, java.lang.Object, java.lang.Object, java.lang.Object, java.lang.Object, int, int)'> (0x00000000d8c7b840) thrown at [./src/hotspot/share/interpreter/linkResolver.cpp, line 773]
Event: 3.543 Thread 0x000001cf12121000 Exception <a 'java/lang/NoSuchMethodError'{0x00000000d8c959a8}: 'java.lang.Object java.lang.invoke.DelegatingMethodHandle$Holder.reinvoke_L(java.lang.Object, int, java.lang.Object)'> (0x00000000d8c959a8) thrown at [./src/hotspot/share/interpreter/linkResolver.cpp, line 773]
Event: 3.744 Thread 0x000001cf12140800 Exception <a 'java/lang/NoSuchMethodError'{0x00000000d8b47c10}: <clinit>> (0x00000000d8b47c10) thrown at [./src/hotspot/share/prims/jni.cpp, line 1362]
Event: 12.887 Thread 0x000001cf12140800 Exception <a 'java/lang/NoSuchMethodError'{0x00000000d8e76c98}: 'java.lang.Object java.lang.invoke.DirectMethodHandle$Holder.invokeStatic(java.lang.Object, int, java.lang.Object)'> (0x00000000d8e76c98) thrown at [./src/hotspot/share/interpreter/linkResolver.cpp, line 773]
Event: 12.898 Thread 0x000001cf12140800 Exception <a 'java/lang/NoSuchMethodError'{0x00000000d8e88140}: 'int java.lang.invoke.DirectMethodHandle$Holder.invokeStatic(java.lang.Object, int, java.lang.Object, java.lang.Object)'> (0x00000000d8e88140) thrown at [./src/hotspot/share/interpreter/linkResolver.cpp, line 773]
Event: 13.097 Thread 0x000001cf12140800 Exception <a 'sun/nio/fs/WindowsException'{0x00000000d8dba798}> (0x00000000d8dba798) thrown at [./src/hotspot/share/prims/jni.cpp, line 615]
Event: 13.104 Thread 0x000001cf12140800 Exception <a 'java/lang/NoSuchMethodError'{0x00000000d8dc1d08}: 'int java.lang.invoke.DirectMethodHandle$Holder.invokeSpecialIFC(java.lang.Object, java.lang.Object, int)'> (0x00000000d8dc1d08) thrown at [./src/hotspot/share/interpreter/linkResolver.cpp, line 773]
Event: 16.061 Thread 0x000001cf12140800 Exception <a 'java/lang/NoSuchMethodError'{0x00000000d8958e08}: <clinit>> (0x00000000d8958e08) thrown at [./src/hotspot/share/prims/jni.cpp, line 1362]
Event: 16.582 Thread 0x000001cf12140800 Exception <a 'java/lang/NoSuchMethodError'{0x00000000d8873a80}: <clinit>> (0x00000000d8873a80) thrown at [./src/hotspot/share/prims/jni.cpp, line 1362]
Event: 16.587 Thread 0x000001cf12140800 Exception <a 'java/lang/NoSuchMethodError'{0x00000000d88802e8}: <clinit>> (0x00000000d88802e8) thrown at [./src/hotspot/share/prims/jni.cpp, line 1362]
Event: 16.909 Thread 0x000001cf12140800 Exception <a 'java/lang/NoSuchMethodError'{0x00000000d8798780}: <clinit>> (0x00000000d8798780) thrown at [./src/hotspot/share/prims/jni.cpp, line 1362]
Event: 16.914 Thread 0x000001cf12140800 Exception <a 'java/lang/NoSuchMethodError'{0x00000000d87a38b0}: <clinit>> (0x00000000d87a38b0) thrown at [./src/hotspot/share/prims/jni.cpp, line 1362]
Event: 16.921 Thread 0x000001cf12140800 Exception <a 'java/lang/NoSuchMethodError'{0x00000000d87b2610}: <clinit>> (0x00000000d87b2610) thrown at [./src/hotspot/share/prims/jni.cpp, line 1362]
Event: 21.183 Thread 0x000001cf11fef800 Exception <a 'java/lang/NoSuchMethodError'{0x00000000d84ea740}: <clinit>> (0x00000000d84ea740) thrown at [./src/hotspot/share/prims/jni.cpp, line 1362]
Event: 28.570 Thread 0x000001cf12140800 Exception <a 'java/lang/NoSuchMethodError'{0x00000000d8f88970}: <clinit>> (0x00000000d8f88970) thrown at [./src/hotspot/share/prims/jni.cpp, line 1362]

Events (20 events):
Event: 61.472 Thread 0x000001cf122bc000 Thread added: 0x000001cf122bc000
Event: 62.669 Thread 0x000001cf122bc000 Thread exited: 0x000001cf122bc000
Event: 63.812 loading class sun/net/ResourceManager
Event: 63.865 loading class sun/net/ResourceManager done
Event: 123.871 loading class java/util/IdentityHashMap$KeyIterator
Event: 123.871 loading class java/util/IdentityHashMap$IdentityHashMapIterator
Event: 123.871 loading class java/util/IdentityHashMap$IdentityHashMapIterator done
Event: 123.871 loading class java/util/IdentityHashMap$KeyIterator done
Event: 123.872 Thread 0x000001cf12140800 Thread exited: 0x000001cf12140800
Event: 123.901 Thread 0x000001cf11fef800 Thread exited: 0x000001cf11fef800
Event: 241.336 Executing VM operation: G1CollectForAllocation
Event: 241.373 Executing VM operation: G1CollectForAllocation done
Event: 304.242 Executing VM operation: RevokeBias
Event: 304.243 Executing VM operation: RevokeBias done
Event: 304.243 Executing VM operation: RevokeBias
Event: 304.243 Executing VM operation: RevokeBias done
Event: 304.243 Executing VM operation: BulkRevokeBias
Event: 304.243 Executing VM operation: BulkRevokeBias done
Event: 1187.733 Executing VM operation: RevokeBias
Event: 1187.734 Executing VM operation: RevokeBias done


Dynamic libraries:
0x00007ff6792d0000 - 0x00007ff6792da000 	C:\Program Files\JetBrains\IntelliJ IDEA 2021.1.3\jbr\bin\java.exe
0x00007ffa22d30000 - 0x00007ffa22f25000 	C:\WINDOWS\SYSTEM32\ntdll.dll
0x00007ffa21c70000 - 0x00007ffa21d2d000 	C:\WINDOWS\System32\KERNEL32.DLL
0x00007ffa20470000 - 0x00007ffa20739000 	C:\WINDOWS\System32\KERNELBASE.dll
0x00007ffa20bf0000 - 0x00007ffa20cf0000 	C:\WINDOWS\System32\ucrtbase.dll
0x00007ffa14e40000 - 0x00007ffa14e59000 	C:\Program Files\JetBrains\IntelliJ IDEA 2021.1.3\jbr\bin\jli.dll
0x00007ffa21d40000 - 0x00007ffa21ee0000 	C:\WINDOWS\System32\USER32.dll
0x00007ffa20790000 - 0x00007ffa207b2000 	C:\WINDOWS\System32\win32u.dll
0x00007ffa224a0000 - 0x00007ffa224ca000 	C:\WINDOWS\System32\GDI32.dll
0x00007ffa20ae0000 - 0x00007ffa20beb000 	C:\WINDOWS\System32\gdi32full.dll
0x00007ffa20a40000 - 0x00007ffa20add000 	C:\WINDOWS\System32\msvcp_win.dll
0x00007ffa0b0a0000 - 0x00007ffa0b0b7000 	C:\Program Files\JetBrains\IntelliJ IDEA 2021.1.3\jbr\bin\VCRUNTIME140.dll
0x00007ffa172d0000 - 0x00007ffa1756a000 	C:\WINDOWS\WinSxS\amd64_microsoft.windows.common-controls_6595b64144ccf1df_6.0.19041.1083_none_60bbe31371f34e71\COMCTL32.dll
0x00007ffa21a70000 - 0x00007ffa21b0e000 	C:\WINDOWS\System32\msvcrt.dll
0x00007ffa21780000 - 0x00007ffa217b0000 	C:\WINDOWS\System32\IMM32.DLL
0x00007ff9faeb0000 - 0x00007ff9faf4d000 	C:\Program Files\JetBrains\IntelliJ IDEA 2021.1.3\jbr\bin\msvcp140.dll
0x00007ff9f56a0000 - 0x00007ff9f61e9000 	C:\Program Files\JetBrains\IntelliJ IDEA 2021.1.3\jbr\bin\server\jvm.dll
0x00007ffa21bc0000 - 0x00007ffa21c6c000 	C:\WINDOWS\System32\ADVAPI32.dll
0x00007ffa219d0000 - 0x00007ffa21a6b000 	C:\WINDOWS\System32\sechost.dll
0x00007ffa21290000 - 0x00007ffa213ba000 	C:\WINDOWS\System32\RPCRT4.dll
0x00007ffa21d30000 - 0x00007ffa21d38000 	C:\WINDOWS\System32\PSAPI.DLL
0x00007ffa0c080000 - 0x00007ffa0c089000 	C:\WINDOWS\SYSTEM32\WSOCK32.dll
0x00007ffa21960000 - 0x00007ffa219cb000 	C:\WINDOWS\System32\WS2_32.dll
0x00007ffa10500000 - 0x00007ffa10527000 	C:\WINDOWS\SYSTEM32\WINMM.dll
0x00007ffa16e80000 - 0x00007ffa16e8a000 	C:\WINDOWS\SYSTEM32\VERSION.dll
0x00007ffa1e2c0000 - 0x00007ffa1e2d2000 	C:\WINDOWS\SYSTEM32\kernel.appcore.dll
0x00007ffa1add0000 - 0x00007ffa1ade1000 	C:\Program Files\JetBrains\IntelliJ IDEA 2021.1.3\jbr\bin\verify.dll
0x00007ffa18150000 - 0x00007ffa18334000 	C:\WINDOWS\SYSTEM32\DBGHELP.DLL
0x00007ffa17d40000 - 0x00007ffa17d6c000 	C:\WINDOWS\SYSTEM32\dbgcore.DLL
0x00007ffa207c0000 - 0x00007ffa20843000 	C:\WINDOWS\System32\bcryptPrimitives.dll
0x00007ffa17d90000 - 0x00007ffa17db9000 	C:\Program Files\JetBrains\IntelliJ IDEA 2021.1.3\jbr\bin\java.dll
0x00007ffa1aec0000 - 0x00007ffa1aecb000 	C:\Program Files\JetBrains\IntelliJ IDEA 2021.1.3\jbr\bin\jimage.dll
0x00007ffa1ac20000 - 0x00007ffa1ac38000 	C:\Program Files\JetBrains\IntelliJ IDEA 2021.1.3\jbr\bin\zip.dll
0x00007ffa225b0000 - 0x00007ffa22cef000 	C:\WINDOWS\System32\SHELL32.dll
0x00007ffa1e5a0000 - 0x00007ffa1ed31000 	C:\WINDOWS\SYSTEM32\windows.storage.dll
0x00007ffa21420000 - 0x00007ffa21775000 	C:\WINDOWS\System32\combase.dll
0x00007ffa1fe10000 - 0x00007ffa1fe3c000 	C:\WINDOWS\SYSTEM32\Wldp.dll
0x00007ffa21b10000 - 0x00007ffa21bbe000 	C:\WINDOWS\System32\SHCORE.dll
0x00007ffa224d0000 - 0x00007ffa22525000 	C:\WINDOWS\System32\shlwapi.dll
0x00007ffa203b0000 - 0x00007ffa203cf000 	C:\WINDOWS\SYSTEM32\profapi.dll
0x00007ffa1ab00000 - 0x00007ffa1ab1a000 	C:\Program Files\JetBrains\IntelliJ IDEA 2021.1.3\jbr\bin\net.dll
0x00007ffa16430000 - 0x00007ffa1653a000 	C:\WINDOWS\SYSTEM32\WINHTTP.dll
0x00007ffa1fb70000 - 0x00007ffa1fbda000 	C:\WINDOWS\system32\mswsock.dll
0x00007ffa14e00000 - 0x00007ffa14e14000 	C:\Program Files\JetBrains\IntelliJ IDEA 2021.1.3\jbr\bin\nio.dll
0x00007ffa1fd50000 - 0x00007ffa1fd68000 	C:\WINDOWS\SYSTEM32\CRYPTSP.dll
0x00007ffa1f510000 - 0x00007ffa1f544000 	C:\WINDOWS\system32\rsaenh.dll
0x00007ffa20850000 - 0x00007ffa20877000 	C:\WINDOWS\System32\bcrypt.dll
0x00007ffa20330000 - 0x00007ffa2035e000 	C:\WINDOWS\SYSTEM32\USERENV.dll
0x00007ffa1fd70000 - 0x00007ffa1fd7c000 	C:\WINDOWS\SYSTEM32\CRYPTBASE.dll
0x00007ffa1f860000 - 0x00007ffa1f89b000 	C:\WINDOWS\SYSTEM32\IPHLPAPI.DLL
0x00007ffa21220000 - 0x00007ffa21228000 	C:\WINDOWS\System32\NSI.dll
0x00007ffa19470000 - 0x00007ffa19487000 	C:\WINDOWS\SYSTEM32\dhcpcsvc6.DLL
0x00007ffa19bd0000 - 0x00007ffa19bed000 	C:\WINDOWS\SYSTEM32\dhcpcsvc.DLL
0x00007ffa1f8b0000 - 0x00007ffa1f97c000 	C:\WINDOWS\SYSTEM32\DNSAPI.dll
0x00007ffa1b990000 - 0x00007ffa1b998000 	C:\Program Files\JetBrains\IntelliJ IDEA 2021.1.3\jbr\bin\rmi.dll
0x00007ffa16390000 - 0x00007ffa1639a000 	C:\Windows\System32\rasadhlp.dll
0x00007ffa163b0000 - 0x00007ffa1642f000 	C:\WINDOWS\System32\fwpuclnt.dll
0x00007ffa09d60000 - 0x00007ffa09d88000 	C:\Program Files\JetBrains\IntelliJ IDEA 2021.1.3\jbr\bin\sunec.dll

dbghelp: loaded successfully - version: 4.0.5 - missing functions: none
symbol engine: initialized successfully - sym options: 0x614 - pdb path: .;C:\Program Files\JetBrains\IntelliJ IDEA 2021.1.3\jbr\bin;C:\WINDOWS\SYSTEM32;C:\WINDOWS\WinSxS\amd64_microsoft.windows.common-controls_6595b64144ccf1df_6.0.19041.1083_none_60bbe31371f34e71;C:\Program Files\JetBrains\IntelliJ IDEA 2021.1.3\jbr\bin\server

VM Arguments:
jvm_args: -Djava.rmi.server.hostname=127.0.0.1 -Duser.timezone=UTC -Xmx750m -Xms128m -Dfile.encoding=UTF-8 
java_command: com.intellij.database.remote.RemoteJdbcServer org.postgresql.Driver
java_class_path (initial): C:\Program Files\JetBrains\IntelliJ IDEA 2021.1.3\lib\util.jar;C:\Program Files\JetBrains\IntelliJ IDEA 2021.1.3\lib\trove4j.jar;C:\Program Files\JetBrains\IntelliJ IDEA 2021.1.3\lib\groovy-2.5.11.jar;C:\Program Files\JetBrains\IntelliJ IDEA 2021.1.3\plugins\DatabaseTools\lib\jdbc-console.jar;C:\Users\Lans\AppData\Roaming\JetBrains\IntelliJIdea2021.1\jdbc-drivers\PostgreSQL\42.2.5\postgresql-42.2.5.jar;C:\Users\Lans\AppData\Roaming\JetBrains\IntelliJIdea2021.1\jdbc-drivers\PostgreSQL\42.2.5\jna-platform-win-4.4.0.jar;C:\Users\Lans\AppData\Roaming\JetBrains\IntelliJIdea2021.1\jdbc-drivers\PostgreSQL\42.2.5\jna-win-4.4.0.jar;C:\Users\Lans\AppData\Roaming\JetBrains\IntelliJIdea2021.1\jdbc-drivers\PostgreSQL\42.2.5\waffle-jna-win-1.8.1.jar
Launcher Type: SUN_STANDARD

[Global flags]
     intx CICompilerCount                          = 2                                         {product} {ergonomic}
     uint ConcGCThreads                            = 1                                         {product} {ergonomic}
     uint G1ConcRefinementThreads                  = 2                                         {product} {ergonomic}
   size_t G1HeapRegionSize                         = 1048576                                   {product} {ergonomic}
    uintx GCDrainStackTargetSize                   = 64                                        {product} {ergonomic}
   size_t InitialHeapSize                          = 134217728                                 {product} {command line}
   size_t MarkStackSize                            = 4194304                                   {product} {ergonomic}
   size_t MaxHeapSize                              = 786432000                                 {product} {command line}
   size_t MaxNewSize                               = 471859200                                 {product} {ergonomic}
   size_t MinHeapDeltaBytes                        = 1048576                                   {product} {ergonomic}
    uintx NonNMethodCodeHeapSize                   = 5825164                                {pd product} {ergonomic}
    uintx NonProfiledCodeHeapSize                  = 122916538                              {pd product} {ergonomic}
    uintx ProfiledCodeHeapSize                     = 122916538                              {pd product} {ergonomic}
    uintx ReservedCodeCacheSize                    = 251658240                              {pd product} {ergonomic}
     bool SegmentedCodeCache                       = true                                      {product} {ergonomic}
     bool UseCompressedClassPointers               = true                                 {lp64_product} {ergonomic}
     bool UseCompressedOops                        = true                                 {lp64_product} {ergonomic}
     bool UseG1GC                                  = true                                      {product} {ergonomic}
     bool UseLargePagesIndividualAllocation        = false                                  {pd product} {ergonomic}

Logging:
Log output configuration:
 #0: stdout all=warning uptime,level,tags
 #1: stderr all=off uptime,level,tags

Environment Variables:
JAVA_HOME=C:\Program Files\Java\jdk-11
PATH=C:\WINDOWS\system32;C:\WINDOWS;C:\WINDOWS\System32\Wbem;C:\WINDOWS\System32\WindowsPowerShell\v1.0\;C:\WINDOWS\System32\OpenSSH\;C:\Program Files\dotnet\;C:\Users\Lans\AppData\Local\Microsoft\WindowsApps;C:\Program Files\Java\jdk-11\bin;
USERNAME=Lans
OS=Windows_NT
PROCESSOR_IDENTIFIER=AMD64 Family 21 Model 112 Stepping 0, AuthenticAMD



---------------  S Y S T E M  ---------------

OS: Windows 10 , 64 bit Build 19041 (10.0.19041.1023)
OS uptime: 1 days 22:53 hours

CPU:total 2 (initial active 2) (2 cores per cpu, 1 threads per core) family 21 model 112 stepping 0 microcode 0x0, cmov, cx8, fxsr, mmx, sse, sse2, sse3, ssse3, sse4.1, sse4.2, popcnt, avx, avx2, aes, clmul, mmxext, 3dnowpref, lzcnt, sse4a, tsc, tscinvbit, tscinv, bmi1, bmi2, fma

Memory: 4k page, system-wide physical 3974M (260M free)
TotalPageFile size 7974M (AvailPageFile size 14M)
current process WorkingSet (physical memory assigned to process): 33M, peak: 115M
current process commit charge ("private bytes"): 225M, peak: 247M

vm_info: OpenJDK 64-Bit Server VM (11.0.11+9-b1341.60) for windows-amd64 JRE (11.0.11+9-b1341.60), built on Jun  4 2021 08:17:54 by "" with MS VC++ 14.0 (VS2015)

END.
