#
# There is insufficient memory for the Java Runtime Environment to continue.
# Native memory allocation (mmap) failed to map 16777216 bytes for Failed to commit area from 0x00000000c6b00000 to 0x00000000c7b00000 of length 16777216.
# Possible reasons:
#   The system is out of physical RAM or swap space
#   The process is running with CompressedOops enabled, and the Java Heap may be blocking the growth of the native heap
# Possible solutions:
#   Reduce memory load on the system
#   Increase physical memory or swap space
#   Check if swap backing store is full
#   Decrease Java heap size (-Xmx/-Xms)
#   Decrease number of Java threads
#   Decrease Java thread stack sizes (-Xss)
#   Set larger code cache with -XX:ReservedCodeCacheSize=
#   JVM is running with Unscaled Compressed Oops mode in which the Java heap is
#     placed in the first 4GB address space. The Java Heap base address is the
#     maximum limit for the native heap growth. Please use -XX:HeapBaseMinAddress
#     to set the Java Heap base and to place the Java Heap above 4GB virtual address.
# This output file may be truncated or incomplete.
#
#  Out of Memory Error (t:/workspace/open/src/hotspot/os/windows/os_windows.cpp:3269), pid=468, tid=3884
#
# JRE version: OpenJDK Runtime Environment (11.0+28) (build 11+28)
# Java VM: OpenJDK 64-Bit Server VM (11+28, mixed mode, tiered, compressed oops, g1 gc, windows-amd64)
# No core dump will be written. Minidumps are not enabled by default on client versions of Windows
#

---------------  S U M M A R Y ------------

Command Line: -XX:TieredStopAtLevel=1 -Xverify:none -Dspring.output.ansi.enabled=always -javaagent:C:\Program Files\JetBrains\IntelliJ IDEA 2021.1.3\lib\idea_rt.jar=64833:C:\Program Files\JetBrains\IntelliJ IDEA 2021.1.3\bin -Dcom.sun.management.jmxremote -Dspring.jmx.enabled=true -Dspring.liveBeansView.mbeanDomain -Dspring.application.admin.enabled=true -Dfile.encoding=UTF-8 com.project.createbd.CreatebdApplication

Host: AMD A9-9420e RADEON R5, 5 COMPUTE CORES 2C+3G  , 2 cores, 3G,  Windows 10 , 64 bit Build 19041 (10.0.19041.1023)
Time: Tue Jul 13 08:50:16 2021 RTZ 2 (зима) elapsed time: 48 seconds (0d 0h 0m 48s)

---------------  T H R E A D  ---------------

Current thread (0x000002da31cff800):  VMThread "VM Thread" [stack: 0x000000e077200000,0x000000e077300000] [id=3884]

Stack: [0x000000e077200000,0x000000e077300000]
[error occurred during error reporting (printing stack bounds), id 0xc0000005, EXCEPTION_ACCESS_VIOLATION (0xc0000005) at pc=0x000002da1d870bad]

Native frames: (J=compiled Java code, j=interpreted, Vv=VM code, C=native code)
V  [jvm.dll+0x63adaa]
V  [jvm.dll+0x77852f]
V  [jvm.dll+0x779b18]
V  [jvm.dll+0x77a135]
V  [jvm.dll+0x77a0eb]
V  [jvm.dll+0x63a4a6]
V  [jvm.dll+0x63a878]
C  [ntdll.dll+0xa217f]
C  [ntdll.dll+0x51454]
C  [ntdll.dll+0xa0cae]
C  0x000002da1d870bad

VM_Operation (0x000000e0781fb090): G1CollectForAllocation, mode: safepoint, requested by thread 0x000002da329d5800


---------------  P R O C E S S  ---------------

Threads class SMR info:
_java_thread_list=0x000002da3659b3a0, length=17, elements={
0x000002da154c1000, 0x000002da31d24000, 0x000002da31d25800, 0x000002da31d40800,
0x000002da31d41000, 0x000002da31d44000, 0x000002da31d45000, 0x000002da31fcd000,
0x000002da322c8000, 0x000002da323e2000, 0x000002da325e8000, 0x000002da32981800,
0x000002da329d5800, 0x000002da34284800, 0x000002da343fa000, 0x000002da343fb000,
0x000002da343fb800
}

Java Threads: ( => current thread )
  0x000002da154c1000 JavaThread "main" [_thread_blocked, id=1304, stack(0x000000e076c00000,0x000000e076d00000)]
  0x000002da31d24000 JavaThread "Reference Handler" daemon [_thread_blocked, id=12092, stack(0x000000e077300000,0x000000e077400000)]
  0x000002da31d25800 JavaThread "Finalizer" daemon [_thread_blocked, id=11040, stack(0x000000e077400000,0x000000e077500000)]
  0x000002da31d40800 JavaThread "Signal Dispatcher" daemon [_thread_blocked, id=4332, stack(0x000000e077500000,0x000000e077600000)]
  0x000002da31d41000 JavaThread "Attach Listener" daemon [_thread_blocked, id=992, stack(0x000000e077600000,0x000000e077700000)]
  0x000002da31d44000 JavaThread "C1 CompilerThread0" daemon [_thread_blocked, id=4492, stack(0x000000e077700000,0x000000e077800000)]
  0x000002da31d45000 JavaThread "Sweeper thread" daemon [_thread_blocked, id=7496, stack(0x000000e077800000,0x000000e077900000)]
  0x000002da31fcd000 JavaThread "Common-Cleaner" daemon [_thread_blocked, id=5576, stack(0x000000e077900000,0x000000e077a00000)]
  0x000002da322c8000 JavaThread "Monitor Ctrl-Break" daemon [_thread_in_native, id=1156, stack(0x000000e077a00000,0x000000e077b00000)]
  0x000002da323e2000 JavaThread "Service Thread" daemon [_thread_blocked, id=5496, stack(0x000000e077b00000,0x000000e077c00000)]
  0x000002da325e8000 JavaThread "RMI TCP Accept-0" daemon [_thread_in_native, id=4160, stack(0x000000e077d00000,0x000000e077e00000)]
  0x000002da32981800 JavaThread "Thread-0" [_thread_blocked, id=7452, stack(0x000000e078000000,0x000000e078100000)]
  0x000002da329d5800 JavaThread "restartedMain" [_thread_blocked, id=8680, stack(0x000000e078100000,0x000000e078200000)]
  0x000002da34284800 JavaThread "HikariPool-1 housekeeper" daemon [_thread_blocked, id=9224, stack(0x000000e077f00000,0x000000e078000000)]
  0x000002da343fa000 JavaThread "Catalina-utility-1" [_thread_blocked, id=11424, stack(0x000000e078400000,0x000000e078500000)]
  0x000002da343fb000 JavaThread "Catalina-utility-2" [_thread_blocked, id=4112, stack(0x000000e078500000,0x000000e078600000)]
  0x000002da343fb800 JavaThread "container-0" [_thread_blocked, id=5676, stack(0x000000e078600000,0x000000e078700000)]

Other Threads:
=>0x000002da31cff800 VMThread "VM Thread" [stack: 0x000000e077200000,0x000000e077300000] [id=3884]
  0x000002da325db800 WatcherThread [stack: 0x000000e077e00000,0x000000e077f00000] [id=4032]
  0x000002da154d8800 GCTaskThread "GC Thread#0" [stack: 0x000000e076d00000,0x000000e076e00000] [id=12216]
  0x000002da3257b800 GCTaskThread "GC Thread#1" [stack: 0x000000e077c00000,0x000000e077d00000] [id=4968]
  0x000002da154f7000 ConcurrentGCThread "G1 Main Marker" [stack: 0x000000e076e00000,0x000000e076f00000] [id=8120]
  0x000002da154f9800 ConcurrentGCThread "G1 Conc#0" [stack: 0x000000e076f00000,0x000000e077000000] [id=6452]
  0x000002da15547800 ConcurrentGCThread "G1 Refine#0" [stack: 0x000000e077000000,0x000000e077100000] [id=5232]
  0x000002da15549000 ConcurrentGCThread "G1 Young RemSet Sampling" [stack: 0x000000e077100000,0x000000e077200000] [id=6380]

Threads with active compile tasks:

VM state:at safepoint (normal execution)

VM Mutex/Monitor currently owned by a thread:  ([mutex/lock_event])
[0x000002da154c0660] Threads_lock - owner thread: 0x000002da31cff800
[0x000002da154c00c0] Heap_lock - owner thread: 0x000002da329d5800

Heap address: 0x00000000c1e00000, size: 994 MB, Compressed Oops mode: 32-bit
Narrow klass base: 0x0000000000000000, Narrow klass shift: 3
Compressed class space size: 1073741824 Address: 0x0000000100000000

Heap:
 garbage-first heap   total 95232K, used 33965K [0x00000000c1e00000, 0x0000000100000000)
  region size 1024K, 4 young (4096K), 4 survivors (4096K)
 Metaspace       used 57395K, capacity 59351K, committed 59600K, reserved 1099776K
  class space    used 7669K, capacity 8475K, committed 8576K, reserved 1048576K
Heap Regions: E=young(eden), S=young(survivor), O=old, HS=humongous(starts), HC=humongous(continues), CS=collection set, F=free, A=archive, TAMS=top-at-mark-start (previous, next)
|   0|0x00000000c1e00000, 0x00000000c1f00000, 0x00000000c1f00000|100%|HS|  |TAMS 0x00000000c1f00000, 0x00000000c1e00000| Complete 
|   1|0x00000000c1f00000, 0x00000000c2000000, 0x00000000c2000000|100%| O|  |TAMS 0x00000000c2000000, 0x00000000c1f00000| Untracked 
|   2|0x00000000c2000000, 0x00000000c2100000, 0x00000000c2100000|100%| O|  |TAMS 0x00000000c2100000, 0x00000000c2000000| Untracked 
|   3|0x00000000c2100000, 0x00000000c2200000, 0x00000000c2200000|100%| O|  |TAMS 0x00000000c2200000, 0x00000000c2100000| Untracked 
|   4|0x00000000c2200000, 0x00000000c2300000, 0x00000000c2300000|100%| O|  |TAMS 0x00000000c2300000, 0x00000000c2200000| Untracked 
|   5|0x00000000c2300000, 0x00000000c2400000, 0x00000000c2400000|100%| O|  |TAMS 0x00000000c2400000, 0x00000000c2300000| Untracked 
|   6|0x00000000c2400000, 0x00000000c2500000, 0x00000000c2500000|100%| O|  |TAMS 0x00000000c2500000, 0x00000000c2400000| Untracked 
|   7|0x00000000c2500000, 0x00000000c2600000, 0x00000000c2600000|100%| O|  |TAMS 0x00000000c2600000, 0x00000000c2500000| Untracked 
|   8|0x00000000c2600000, 0x00000000c2700000, 0x00000000c2700000|100%| O|  |TAMS 0x00000000c2700000, 0x00000000c2600000| Untracked 
|   9|0x00000000c2700000, 0x00000000c2800000, 0x00000000c2800000|100%| O|  |TAMS 0x00000000c2800000, 0x00000000c2700000| Untracked 
|  10|0x00000000c2800000, 0x00000000c2900000, 0x00000000c2900000|100%| O|  |TAMS 0x00000000c2900000, 0x00000000c2800000| Untracked 
|  11|0x00000000c2900000, 0x00000000c2a00000, 0x00000000c2a00000|100%| O|  |TAMS 0x00000000c2a00000, 0x00000000c2900000| Untracked 
|  12|0x00000000c2a00000, 0x00000000c2b00000, 0x00000000c2b00000|100%| O|  |TAMS 0x00000000c2b00000, 0x00000000c2a00000| Untracked 
|  13|0x00000000c2b00000, 0x00000000c2c00000, 0x00000000c2c00000|100%| O|  |TAMS 0x00000000c2c00000, 0x00000000c2b00000| Untracked 
|  14|0x00000000c2c00000, 0x00000000c2d00000, 0x00000000c2d00000|100%| O|  |TAMS 0x00000000c2d00000, 0x00000000c2c00000| Untracked 
|  15|0x00000000c2d00000, 0x00000000c2e00000, 0x00000000c2e00000|100%| O|  |TAMS 0x00000000c2e00000, 0x00000000c2d00000| Untracked 
|  16|0x00000000c2e00000, 0x00000000c2f00000, 0x00000000c2f00000|100%| O|  |TAMS 0x00000000c2f00000, 0x00000000c2e00000| Untracked 
|  17|0x00000000c2f00000, 0x00000000c3000000, 0x00000000c3000000|100%| O|  |TAMS 0x00000000c2f96e00, 0x00000000c2f00000| Untracked 
|  18|0x00000000c3000000, 0x00000000c3100000, 0x00000000c3100000|100%| O|  |TAMS 0x00000000c3000000, 0x00000000c3000000| Untracked 
|  19|0x00000000c3100000, 0x00000000c3200000, 0x00000000c3200000|100%| O|  |TAMS 0x00000000c3100000, 0x00000000c3100000| Untracked 
|  20|0x00000000c3200000, 0x00000000c3300000, 0x00000000c3300000|100%| O|  |TAMS 0x00000000c3200000, 0x00000000c3200000| Untracked 
|  21|0x00000000c3300000, 0x00000000c3400000, 0x00000000c3400000|100%| O|  |TAMS 0x00000000c3300000, 0x00000000c3300000| Untracked 
|  22|0x00000000c3400000, 0x00000000c3500000, 0x00000000c3500000|100%| O|  |TAMS 0x00000000c3400000, 0x00000000c3400000| Untracked 
|  23|0x00000000c3500000, 0x00000000c3600000, 0x00000000c3600000|100%| O|  |TAMS 0x00000000c3500000, 0x00000000c3500000| Untracked 
|  24|0x00000000c3600000, 0x00000000c3700000, 0x00000000c3700000|100%| O|  |TAMS 0x00000000c3600000, 0x00000000c3600000| Untracked 
|  25|0x00000000c3700000, 0x00000000c3800000, 0x00000000c3800000|100%| O|  |TAMS 0x00000000c3700000, 0x00000000c3700000| Untracked 
|  26|0x00000000c3800000, 0x00000000c3900000, 0x00000000c3900000|100%| O|  |TAMS 0x00000000c3800000, 0x00000000c3800000| Untracked 
|  27|0x00000000c3900000, 0x00000000c3a00000, 0x00000000c3a00000|100%| O|  |TAMS 0x00000000c3900000, 0x00000000c3900000| Untracked 
|  28|0x00000000c3a00000, 0x00000000c3b00000, 0x00000000c3b00000|100%| O|  |TAMS 0x00000000c3a00000, 0x00000000c3a00000| Untracked 
|  29|0x00000000c3b00000, 0x00000000c3b3fa00, 0x00000000c3c00000| 24%| O|  |TAMS 0x00000000c3b00000, 0x00000000c3b00000| Untracked 
|  30|0x00000000c3c00000, 0x00000000c3c00000, 0x00000000c3d00000|  0%| F|  |TAMS 0x00000000c3c00000, 0x00000000c3c00000| Untracked 
|  31|0x00000000c3d00000, 0x00000000c3d00000, 0x00000000c3e00000|  0%| F|  |TAMS 0x00000000c3d00000, 0x00000000c3d00000| Untracked 
|  32|0x00000000c3e00000, 0x00000000c3e00000, 0x00000000c3f00000|  0%| F|  |TAMS 0x00000000c3e00000, 0x00000000c3e00000| Untracked 
|  33|0x00000000c3f00000, 0x00000000c3f00000, 0x00000000c4000000|  0%| F|  |TAMS 0x00000000c3f00000, 0x00000000c3f00000| Untracked 
|  34|0x00000000c4000000, 0x00000000c4000000, 0x00000000c4100000|  0%| F|  |TAMS 0x00000000c4000000, 0x00000000c4000000| Untracked 
|  35|0x00000000c4100000, 0x00000000c4100000, 0x00000000c4200000|  0%| F|  |TAMS 0x00000000c4100000, 0x00000000c4100000| Untracked 
|  36|0x00000000c4200000, 0x00000000c4200000, 0x00000000c4300000|  0%| F|  |TAMS 0x00000000c4200000, 0x00000000c4200000| Untracked 
|  37|0x00000000c4300000, 0x00000000c4300000, 0x00000000c4400000|  0%| F|  |TAMS 0x00000000c4300000, 0x00000000c4300000| Untracked 
|  38|0x00000000c4400000, 0x00000000c44ebb48, 0x00000000c4500000| 92%| S|CS|TAMS 0x00000000c4400000, 0x00000000c4400000| Complete 
|  39|0x00000000c4500000, 0x00000000c4500000, 0x00000000c4600000|  0%| F|  |TAMS 0x00000000c4500000, 0x00000000c4500000| Untracked 
|  40|0x00000000c4600000, 0x00000000c4600000, 0x00000000c4700000|  0%| F|  |TAMS 0x00000000c4600000, 0x00000000c4600000| Untracked 
|  41|0x00000000c4700000, 0x00000000c4700000, 0x00000000c4800000|  0%| F|  |TAMS 0x00000000c4700000, 0x00000000c4700000| Untracked 
|  42|0x00000000c4800000, 0x00000000c4800000, 0x00000000c4900000|  0%| F|  |TAMS 0x00000000c4800000, 0x00000000c4800000| Untracked 
|  43|0x00000000c4900000, 0x00000000c4a00000, 0x00000000c4a00000|100%| S|CS|TAMS 0x00000000c4900000, 0x00000000c4900000| Complete 
|  44|0x00000000c4a00000, 0x00000000c4b00000, 0x00000000c4b00000|100%| S|CS|TAMS 0x00000000c4a00000, 0x00000000c4a00000| Complete 
|  45|0x00000000c4b00000, 0x00000000c4c00000, 0x00000000c4c00000|100%| S|CS|TAMS 0x00000000c4b00000, 0x00000000c4b00000| Complete 
|  46|0x00000000c4c00000, 0x00000000c4c00000, 0x00000000c4d00000|  0%| F|  |TAMS 0x00000000c4c00000, 0x00000000c4c00000| Untracked 
|  47|0x00000000c4d00000, 0x00000000c4d00000, 0x00000000c4e00000|  0%| F|  |TAMS 0x00000000c4d00000, 0x00000000c4d00000| Untracked 
|  48|0x00000000c4e00000, 0x00000000c4e00000, 0x00000000c4f00000|  0%| F|  |TAMS 0x00000000c4e00000, 0x00000000c4e00000| Untracked 
|  49|0x00000000c4f00000, 0x00000000c4f00000, 0x00000000c5000000|  0%| F|  |TAMS 0x00000000c4f00000, 0x00000000c4f00000| Untracked 
|  50|0x00000000c5000000, 0x00000000c5000000, 0x00000000c5100000|  0%| F|  |TAMS 0x00000000c5000000, 0x00000000c5000000| Untracked 
|  51|0x00000000c5100000, 0x00000000c5100000, 0x00000000c5200000|  0%| F|  |TAMS 0x00000000c5100000, 0x00000000c5100000| Untracked 
|  52|0x00000000c5200000, 0x00000000c5200000, 0x00000000c5300000|  0%| F|  |TAMS 0x00000000c5200000, 0x00000000c5200000| Untracked 
|  53|0x00000000c5300000, 0x00000000c5300000, 0x00000000c5400000|  0%| F|  |TAMS 0x00000000c5300000, 0x00000000c5300000| Untracked 
|  54|0x00000000c5400000, 0x00000000c5400000, 0x00000000c5500000|  0%| F|  |TAMS 0x00000000c5400000, 0x00000000c5400000| Untracked 
|  55|0x00000000c5500000, 0x00000000c5500000, 0x00000000c5600000|  0%| F|  |TAMS 0x00000000c5500000, 0x00000000c5500000| Untracked 
|  56|0x00000000c5600000, 0x00000000c5600000, 0x00000000c5700000|  0%| F|  |TAMS 0x00000000c5600000, 0x00000000c5600000| Untracked 
|  57|0x00000000c5700000, 0x00000000c5700000, 0x00000000c5800000|  0%| F|  |TAMS 0x00000000c5700000, 0x00000000c5700000| Untracked 
|  58|0x00000000c5800000, 0x00000000c5800000, 0x00000000c5900000|  0%| F|  |TAMS 0x00000000c5800000, 0x00000000c5800000| Untracked 
|  59|0x00000000c5900000, 0x00000000c5900000, 0x00000000c5a00000|  0%| F|  |TAMS 0x00000000c5900000, 0x00000000c5900000| Untracked 
|  60|0x00000000c5a00000, 0x00000000c5a00000, 0x00000000c5b00000|  0%| F|  |TAMS 0x00000000c5a00000, 0x00000000c5a00000| Untracked 
|  61|0x00000000c5b00000, 0x00000000c5b00000, 0x00000000c5c00000|  0%| F|  |TAMS 0x00000000c5b00000, 0x00000000c5b00000| Untracked 
|  62|0x00000000c5c00000, 0x00000000c5c00000, 0x00000000c5d00000|  0%| F|  |TAMS 0x00000000c5c00000, 0x00000000c5c00000| Untracked 
|  63|0x00000000c5d00000, 0x00000000c5d00000, 0x00000000c5e00000|  0%| F|  |TAMS 0x00000000c5d00000, 0x00000000c5d00000| Untracked 
|  64|0x00000000c5e00000, 0x00000000c5e00000, 0x00000000c5f00000|  0%| F|  |TAMS 0x00000000c5e00000, 0x00000000c5e00000| Untracked 
|  65|0x00000000c5f00000, 0x00000000c5f00000, 0x00000000c6000000|  0%| F|  |TAMS 0x00000000c5f00000, 0x00000000c5f00000| Untracked 
|  66|0x00000000c6000000, 0x00000000c6000000, 0x00000000c6100000|  0%| F|  |TAMS 0x00000000c6000000, 0x00000000c6000000| Untracked 
|  67|0x00000000c6100000, 0x00000000c6100000, 0x00000000c6200000|  0%| F|  |TAMS 0x00000000c6100000, 0x00000000c6100000| Untracked 
|  68|0x00000000c6200000, 0x00000000c6200000, 0x00000000c6300000|  0%| F|  |TAMS 0x00000000c6200000, 0x00000000c6200000| Untracked 
|  69|0x00000000c6300000, 0x00000000c6300000, 0x00000000c6400000|  0%| F|  |TAMS 0x00000000c6300000, 0x00000000c6300000| Untracked 
|  70|0x00000000c6400000, 0x00000000c6400000, 0x00000000c6500000|  0%| F|  |TAMS 0x00000000c6400000, 0x00000000c6400000| Untracked 
|  71|0x00000000c6500000, 0x00000000c6500000, 0x00000000c6600000|  0%| F|  |TAMS 0x00000000c6500000, 0x00000000c6500000| Untracked 
|  72|0x00000000c6600000, 0x00000000c6600000, 0x00000000c6700000|  0%| F|  |TAMS 0x00000000c6600000, 0x00000000c6600000| Untracked 
|  73|0x00000000c6700000, 0x00000000c6700000, 0x00000000c6800000|  0%| F|  |TAMS 0x00000000c6700000, 0x00000000c6700000| Untracked 
|  74|0x00000000c6800000, 0x00000000c6800000, 0x00000000c6900000|  0%| F|  |TAMS 0x00000000c6800000, 0x00000000c6800000| Untracked 
|  75|0x00000000c6900000, 0x00000000c6900000, 0x00000000c6a00000|  0%| F|  |TAMS 0x00000000c6900000, 0x00000000c6900000| Untracked 
|  76|0x00000000c6a00000, 0x00000000c6a00000, 0x00000000c6b00000|  0%| F|  |TAMS 0x00000000c6a00000, 0x00000000c6a00000| Untracked 

Card table byte_map: [0x000002da2ce70000,0x000002da2d070000] _byte_map_base: 0x000002da2c861000

Marking Bits (Prev, Next): (CMBitMap*) 0x000002da154f27b8, (CMBitMap*) 0x000002da154f27f0
 Prev Bits: [0x000002da2d270000, 0x000002da2e1f8000)
 Next Bits: [0x000002da2e200000, 0x000002da2f188000)

Polling page: 0x000002da155a0000

Metaspace:

Usage:
  Non-class:     49.68 MB capacity,    48.56 MB ( 98%) used,   918.91 KB (  2%) free+waste,   230.75 KB ( <1%) overhead. 
      Class:      8.28 MB capacity,     7.49 MB ( 90%) used,   690.34 KB (  8%) free+waste,   115.31 KB (  1%) overhead. 
       Both:     57.96 MB capacity,    56.05 MB ( 97%) used,     1.57 MB (  3%) free+waste,   346.06 KB ( <1%) overhead. 

Virtual space:
  Non-class space:       50.00 MB reserved,      49.83 MB (>99%) committed 
      Class space:        1.00 GB reserved,       8.38 MB ( <1%) committed 
             Both:        1.05 GB reserved,      58.20 MB (  5%) committed 

Chunk freelists:
   Non-Class:  2.50 KB
       Class:  640 bytes
        Both:  3.13 KB

CodeHeap 'non-profiled nmethods': size=239488Kb used=9006Kb max_used=9006Kb free=230482Kb
 bounds [0x000002da1de90000, 0x000002da1e760000, 0x000002da2c870000]
CodeHeap 'non-nmethods': size=6272Kb used=1194Kb max_used=1739Kb free=5077Kb
 bounds [0x000002da1d870000, 0x000002da1dae0000, 0x000002da1de90000]
 total_blobs=5806 nmethods=5231 adapters=471
 compilation: enabled
              stopped_count=0, restarted_count=0
 full_count=0

Compilation events (10 events):
Event: 48.039 Thread 0x000002da31d44000 5239       1       java.util.concurrent.ConcurrentHashMap::keySet (5 bytes)
Event: 48.039 Thread 0x000002da31d44000 nmethod 5239 0x000002da1e758990 code [0x000002da1e758b40, 0x000002da1e758d58]
Event: 48.041 Thread 0x000002da31d44000 5240       1       java.util.regex.Pattern::<init> (136 bytes)
Event: 48.042 Thread 0x000002da31d44000 nmethod 5240 0x000002da1e758e10 code [0x000002da1e759080, 0x000002da1e759890]
Event: 48.043 Thread 0x000002da31d44000 5241       1       java.util.regex.Pattern::RemoveQEQuoting (346 bytes)
Event: 48.045 Thread 0x000002da31d44000 nmethod 5241 0x000002da1e759b90 code [0x000002da1e759da0, 0x000002da1e75a680]
Event: 48.045 Thread 0x000002da31d44000 5242       1       java.util.regex.Pattern::newSlice (181 bytes)
Event: 48.047 Thread 0x000002da31d44000 nmethod 5242 0x000002da1e75ab10 code [0x000002da1e75ad80, 0x000002da1e75b750]
Event: 48.047 Thread 0x000002da31d44000 5243       1       java.util.regex.Pattern$SliceNode::<init> (10 bytes)
Event: 48.047 Thread 0x000002da31d44000 nmethod 5243 0x000002da1e75bb10 code [0x000002da1e75bcc0, 0x000002da1e75be78]

GC Heap History (10 events):
Event: 37.991 GC heap after
{Heap after GC invocations=21 (full 0):
 garbage-first heap   total 78848K, used 24021K [0x00000000c1e00000, 0x0000000100000000)
  region size 1024K, 3 young (3072K), 3 survivors (3072K)
 Metaspace       used 46647K, capacity 48208K, committed 48336K, reserved 1091584K
  class space    used 6049K, capacity 6674K, committed 6784K, reserved 1048576K
}
Event: 40.588 GC heap before
{Heap before GC invocations=21 (full 0):
 garbage-first heap   total 78848K, used 58837K [0x00000000c1e00000, 0x0000000100000000)
  region size 1024K, 37 young (37888K), 3 survivors (3072K)
 Metaspace       used 51139K, capacity 52696K, committed 52816K, reserved 1095680K
  class space    used 6745K, capacity 7383K, committed 7424K, reserved 1048576K
}
Event: 40.609 GC heap after
{Heap after GC invocations=22 (full 0):
 garbage-first heap   total 78848K, used 25600K [0x00000000c1e00000, 0x0000000100000000)
  region size 1024K, 3 young (3072K), 3 survivors (3072K)
 Metaspace       used 51139K, capacity 52696K, committed 52816K, reserved 1095680K
  class space    used 6745K, capacity 7383K, committed 7424K, reserved 1048576K
}
Event: 42.550 GC heap before
{Heap before GC invocations=22 (full 0):
 garbage-first heap   total 78848K, used 60416K [0x00000000c1e00000, 0x0000000100000000)
  region size 1024K, 37 young (37888K), 3 survivors (3072K)
 Metaspace       used 52657K, capacity 54334K, committed 54608K, reserved 1095680K
  class space    used 6926K, capacity 7629K, committed 7680K, reserved 1048576K
}
Event: 42.574 GC heap after
{Heap after GC invocations=23 (full 0):
 garbage-first heap   total 78848K, used 28498K [0x00000000c1e00000, 0x0000000100000000)
  region size 1024K, 5 young (5120K), 5 survivors (5120K)
 Metaspace       used 52657K, capacity 54334K, committed 54608K, reserved 1095680K
  class space    used 6926K, capacity 7629K, committed 7680K, reserved 1048576K
}
Event: 44.468 GC heap before
{Heap before GC invocations=23 (full 0):
 garbage-first heap   total 78848K, used 61266K [0x00000000c1e00000, 0x0000000100000000)
  region size 1024K, 37 young (37888K), 5 survivors (5120K)
 Metaspace       used 55148K, capacity 57043K, committed 57168K, reserved 1097728K
  class space    used 7332K, capacity 8111K, committed 8192K, reserved 1048576K
}
Event: 44.492 GC heap after
{Heap after GC invocations=24 (full 0):
 garbage-first heap   total 78848K, used 30220K [0x00000000c1e00000, 0x0000000100000000)
  region size 1024K, 2 young (2048K), 2 survivors (2048K)
 Metaspace       used 55148K, capacity 57043K, committed 57168K, reserved 1097728K
  class space    used 7332K, capacity 8111K, committed 8192K, reserved 1048576K
}
Event: 45.998 GC heap before
{Heap before GC invocations=24 (full 0):
 garbage-first heap   total 78848K, used 62988K [0x00000000c1e00000, 0x0000000100000000)
  region size 1024K, 34 young (34816K), 2 survivors (2048K)
 Metaspace       used 56699K, capacity 58683K, committed 58960K, reserved 1099776K
  class space    used 7559K, capacity 8382K, committed 8448K, reserved 1048576K
}
Event: 46.023 GC heap after
{Heap after GC invocations=25 (full 0):
 garbage-first heap   total 78848K, used 31706K [0x00000000c1e00000, 0x0000000100000000)
  region size 1024K, 4 young (4096K), 4 survivors (4096K)
 Metaspace       used 56699K, capacity 58683K, committed 58960K, reserved 1099776K
  class space    used 7559K, capacity 8382K, committed 8448K, reserved 1048576K
}
Event: 48.063 GC heap before
{Heap before GC invocations=25 (full 0):
 garbage-first heap   total 78848K, used 63450K [0x00000000c1e00000, 0x0000000100000000)
  region size 1024K, 35 young (35840K), 4 survivors (4096K)
 Metaspace       used 57395K, capacity 59351K, committed 59600K, reserved 1099776K
  class space    used 7669K, capacity 8475K, committed 8576K, reserved 1048576K
}

Deoptimization events (0 events):
No events

Classes redefined (0 events):
No events

Internal exceptions (10 events):
Event: 47.469 Thread 0x000002da329d5800 Exception <a 'java/lang/ClassNotFoundException'{0x00000000c4d562c8}: org/springframework/boot/actuate/endpoint/EndpointsSupplierCustomizer> (0x00000000c4d562c8) thrown at [t:/workspace/open/src/hotspot/share/classfile/systemDictionary.cpp, line 231]
Event: 47.473 Thread 0x000002da329d5800 Exception <a 'java/lang/ClassNotFoundException'{0x00000000c4d67f48}: java/lang/ObjectCustomizer> (0x00000000c4d67f48) thrown at [t:/workspace/open/src/hotspot/share/classfile/systemDictionary.cpp, line 231]
Event: 47.475 Thread 0x000002da329d5800 Exception <a 'java/lang/ClassNotFoundException'{0x00000000c4d832b8}: org/springframework/boot/actuate/autoconfigure/endpoint/jmx/DefaultEndpointObjectNameFactoryCustomizer> (0x00000000c4d832b8) thrown at [t:/workspace/open/src/hotspot/share/classfile/syst
Event: 47.477 Thread 0x000002da329d5800 Exception <a 'java/lang/ClassNotFoundException'{0x00000000c4d9a788}: org/springframework/boot/actuate/endpoint/jmx/EndpointObjectNameFactoryCustomizer> (0x00000000c4d9a788) thrown at [t:/workspace/open/src/hotspot/share/classfile/systemDictionary.cpp, lin
Event: 48.023 Thread 0x000002da329d5800 Exception <a 'java/lang/ClassNotFoundException'{0x00000000c4c58d38}: java/lang/ObjectCustomizer> (0x00000000c4c58d38) thrown at [t:/workspace/open/src/hotspot/share/classfile/systemDictionary.cpp, line 231]
Event: 48.025 Thread 0x000002da329d5800 Exception <a 'java/lang/ClassNotFoundException'{0x00000000c4c73948}: org/springframework/boot/actuate/autoconfigure/env/EnvironmentEndpointAutoConfigurationCustomizer> (0x00000000c4c73948) thrown at [t:/workspace/open/src/hotspot/share/classfile/systemDic
Event: 48.030 Thread 0x000002da329d5800 Exception <a 'java/lang/ClassNotFoundException'{0x00000000c4c81878}: java/lang/ObjectCustomizer> (0x00000000c4c81878) thrown at [t:/workspace/open/src/hotspot/share/classfile/systemDictionary.cpp, line 231]
Event: 48.036 Thread 0x000002da329d5800 Exception <a 'java/lang/ClassNotFoundException'{0x00000000c4c9b800}: org/springframework/boot/actuate/autoconfigure/env/EnvironmentEndpointPropertiesCustomizer> (0x00000000c4c9b800) thrown at [t:/workspace/open/src/hotspot/share/classfile/systemDictionary
Event: 48.059 Thread 0x000002da329d5800 Exception <a 'java/lang/ClassNotFoundException'{0x00000000c4cdf4a0}: java/lang/ObjectCustomizer> (0x00000000c4cdf4a0) thrown at [t:/workspace/open/src/hotspot/share/classfile/systemDictionary.cpp, line 231]
Event: 48.062 Thread 0x000002da329d5800 Exception <a 'java/lang/ClassNotFoundException'{0x00000000c4cf5e70}: org/springframework/boot/actuate/env/EnvironmentEndpointCustomizer> (0x00000000c4cf5e70) thrown at [t:/workspace/open/src/hotspot/share/classfile/systemDictionary.cpp, line 231]

Events (10 events):
Event: 48.059 loading class java/lang/ObjectCustomizer done
Event: 48.059 loading class java/lang/ObjectCustomizer
Event: 48.059 loading class java/lang/ObjectCustomizer done
Event: 48.060 loading class org/springframework/boot/actuate/env/EnvironmentEndpointCustomizer
Event: 48.060 loading class org/springframework/boot/actuate/env/EnvironmentEndpointCustomizer done
Event: 48.061 loading class org/springframework/boot/actuate/env/EnvironmentEndpointCustomizer
Event: 48.061 loading class org/springframework/boot/actuate/env/EnvironmentEndpointCustomizer done
Event: 48.061 loading class org/springframework/boot/actuate/env/EnvironmentEndpointCustomizer
Event: 48.061 loading class org/springframework/boot/actuate/env/EnvironmentEndpointCustomizer done
Event: 48.062 Executing VM operation: G1CollectForAllocation


Dynamic libraries:
0x00007ff7b73d0000 - 0x00007ff7b7415000 	C:\Program Files\Java\jdk-11\bin\java.exe
0x00007ff9fb5d0000 - 0x00007ff9fb7c5000 	C:\WINDOWS\SYSTEM32\ntdll.dll
0x00007ff9f97e0000 - 0x00007ff9f989d000 	C:\WINDOWS\System32\KERNEL32.DLL
0x00007ff9f92c0000 - 0x00007ff9f9589000 	C:\WINDOWS\System32\KERNELBASE.dll
0x00007ff9f9640000 - 0x00007ff9f97e0000 	C:\WINDOWS\System32\USER32.dll
0x00007ff9f8e40000 - 0x00007ff9f8e62000 	C:\WINDOWS\System32\win32u.dll
0x00007ff9fac80000 - 0x00007ff9facaa000 	C:\WINDOWS\System32\GDI32.dll
0x00007ff9f91b0000 - 0x00007ff9f92bb000 	C:\WINDOWS\System32\gdi32full.dll
0x00007ff9f8f60000 - 0x00007ff9f8ffd000 	C:\WINDOWS\System32\msvcp_win.dll
0x00007ff9f8d10000 - 0x00007ff9f8e10000 	C:\WINDOWS\System32\ucrtbase.dll
0x00007ff9e9000000 - 0x00007ff9e929a000 	C:\WINDOWS\WinSxS\amd64_microsoft.windows.common-controls_6595b64144ccf1df_6.0.19041.1083_none_60bbe31371f34e71\COMCTL32.dll
0x00007ff9faa70000 - 0x00007ff9fab0e000 	C:\WINDOWS\System32\msvcrt.dll
0x00007ff9facb0000 - 0x00007ff9face0000 	C:\WINDOWS\System32\IMM32.DLL
0x00007ff9f4850000 - 0x00007ff9f4866000 	C:\Program Files\Java\jdk-11\bin\vcruntime140.dll
0x00007ff9e27d0000 - 0x00007ff9e287a000 	C:\Program Files\Java\jdk-11\bin\msvcp140.dll
0x00007ff9d0bf0000 - 0x00007ff9d1731000 	C:\Program Files\Java\jdk-11\bin\server\jvm.dll
0x00007ff9fa8f0000 - 0x00007ff9fa99c000 	C:\WINDOWS\System32\ADVAPI32.dll
0x00007ff9f98a0000 - 0x00007ff9f993b000 	C:\WINDOWS\System32\sechost.dll
0x00007ff9fb160000 - 0x00007ff9fb28a000 	C:\WINDOWS\System32\RPCRT4.dll
0x00007ff9face0000 - 0x00007ff9face8000 	C:\WINDOWS\System32\PSAPI.DLL
0x00007ff9e5b30000 - 0x00007ff9e5b39000 	C:\WINDOWS\SYSTEM32\WSOCK32.dll
0x00007ff9faa00000 - 0x00007ff9faa6b000 	C:\WINDOWS\System32\WS2_32.dll
0x00007ff9ee7e0000 - 0x00007ff9ee807000 	C:\WINDOWS\SYSTEM32\WINMM.dll
0x00007ff9f1110000 - 0x00007ff9f111a000 	C:\WINDOWS\SYSTEM32\VERSION.dll
0x00007ff9f6c40000 - 0x00007ff9f6c52000 	C:\WINDOWS\SYSTEM32\kernel.appcore.dll
0x00007ff9f4830000 - 0x00007ff9f4841000 	C:\Program Files\Java\jdk-11\bin\verify.dll
0x00007ff9f0220000 - 0x00007ff9f0404000 	C:\WINDOWS\SYSTEM32\DBGHELP.DLL
0x00007ff9e5b00000 - 0x00007ff9e5b2c000 	C:\WINDOWS\SYSTEM32\dbgcore.DLL
0x00007ff9f8ed0000 - 0x00007ff9f8f53000 	C:\WINDOWS\System32\bcryptPrimitives.dll
0x00007ff9f2150000 - 0x00007ff9f2178000 	C:\Program Files\Java\jdk-11\bin\java.dll
0x00007ff9e8910000 - 0x00007ff9e893f000 	C:\Program Files\Java\jdk-11\bin\instrument.dll
0x00007ff9f4810000 - 0x00007ff9f4826000 	C:\Program Files\Java\jdk-11\bin\zip.dll
0x00007ff9f47e0000 - 0x00007ff9f47ea000 	C:\Program Files\Java\jdk-11\bin\jimage.dll
0x00007ff9fa0e0000 - 0x00007ff9fa81f000 	C:\WINDOWS\System32\SHELL32.dll
0x00007ff9f6e40000 - 0x00007ff9f75d1000 	C:\WINDOWS\SYSTEM32\windows.storage.dll
0x00007ff9f9ac0000 - 0x00007ff9f9e15000 	C:\WINDOWS\System32\combase.dll
0x00007ff9f86b0000 - 0x00007ff9f86dc000 	C:\WINDOWS\SYSTEM32\Wldp.dll
0x00007ff9f9940000 - 0x00007ff9f99ee000 	C:\WINDOWS\System32\SHCORE.dll
0x00007ff9fb4d0000 - 0x00007ff9fb525000 	C:\WINDOWS\System32\shlwapi.dll
0x00007ff9f8c50000 - 0x00007ff9f8c6f000 	C:\WINDOWS\SYSTEM32\profapi.dll
0x00007ff9f1ea0000 - 0x00007ff9f1eb9000 	C:\Program Files\Java\jdk-11\bin\net.dll
0x00007ff9ea880000 - 0x00007ff9ea98a000 	C:\WINDOWS\SYSTEM32\WINHTTP.dll
0x00007ff9f8410000 - 0x00007ff9f847a000 	C:\WINDOWS\system32\mswsock.dll
0x00007ff9f1dc0000 - 0x00007ff9f1dd3000 	C:\Program Files\Java\jdk-11\bin\nio.dll
0x00007ff9f2130000 - 0x00007ff9f214a000 	C:\Program Files\JetBrains\IntelliJ IDEA 2021.1.3\bin\breakgen64.dll
0x00007ff9f8150000 - 0x00007ff9f821c000 	C:\WINDOWS\SYSTEM32\DNSAPI.dll
0x00007ff9f8100000 - 0x00007ff9f813b000 	C:\WINDOWS\SYSTEM32\IPHLPAPI.DLL
0x00007ff9fb4c0000 - 0x00007ff9fb4c8000 	C:\WINDOWS\System32\NSI.dll
0x00007ff9ea220000 - 0x00007ff9ea22a000 	C:\Windows\System32\rasadhlp.dll
0x00007ff9eac40000 - 0x00007ff9eacbf000 	C:\WINDOWS\System32\fwpuclnt.dll
0x00007ff9f8e10000 - 0x00007ff9f8e37000 	C:\WINDOWS\System32\bcrypt.dll
0x00007ff9f47d0000 - 0x00007ff9f47d9000 	C:\Program Files\Java\jdk-11\bin\management.dll
0x00007ff9f20f0000 - 0x00007ff9f20fc000 	C:\Program Files\Java\jdk-11\bin\management_ext.dll
0x00007ff9f85f0000 - 0x00007ff9f8608000 	C:\WINDOWS\SYSTEM32\CRYPTSP.dll
0x00007ff9f7db0000 - 0x00007ff9f7de4000 	C:\WINDOWS\system32\rsaenh.dll
0x00007ff9f8bd0000 - 0x00007ff9f8bfe000 	C:\WINDOWS\SYSTEM32\USERENV.dll
0x00007ff9f8610000 - 0x00007ff9f861c000 	C:\WINDOWS\SYSTEM32\CRYPTBASE.dll
0x00007ff9f0820000 - 0x00007ff9f0837000 	C:\WINDOWS\SYSTEM32\dhcpcsvc6.DLL
0x00007ff9f11f0000 - 0x00007ff9f120d000 	C:\WINDOWS\SYSTEM32\dhcpcsvc.DLL
0x00007ff9e8350000 - 0x00007ff9e8367000 	C:\WINDOWS\system32\napinsp.dll
0x00007ff9e5380000 - 0x00007ff9e539b000 	C:\WINDOWS\system32\pnrpnsp.dll
0x00007ff9dde60000 - 0x00007ff9dde75000 	C:\WINDOWS\system32\wshbth.dll
0x00007ff9f4610000 - 0x00007ff9f462d000 	C:\WINDOWS\system32\NLAapi.dll
0x00007ff9d29d0000 - 0x00007ff9d29e2000 	C:\WINDOWS\System32\winrnr.dll
0x00007ff9e59d0000 - 0x00007ff9e59f7000 	C:\Program Files\Java\jdk-11\bin\sunec.dll

dbghelp: loaded successfully - version: 4.0.5 - missing functions: none
symbol engine: initialized successfully - sym options: 0x614 - pdb path: .;C:\Program Files\Java\jdk-11\bin;C:\WINDOWS\SYSTEM32;C:\WINDOWS\WinSxS\amd64_microsoft.windows.common-controls_6595b64144ccf1df_6.0.19041.1083_none_60bbe31371f34e71;C:\Program Files\Java\jdk-11\bin\server;C:\Program Files\JetBrains\IntelliJ IDEA 2021.1.3\bin

VM Arguments:
jvm_args: -XX:TieredStopAtLevel=1 -Xverify:none -Dspring.output.ansi.enabled=always -javaagent:C:\Program Files\JetBrains\IntelliJ IDEA 2021.1.3\lib\idea_rt.jar=64833:C:\Program Files\JetBrains\IntelliJ IDEA 2021.1.3\bin -Dcom.sun.management.jmxremote -Dspring.jmx.enabled=true -Dspring.liveBeansView.mbeanDomain -Dspring.application.admin.enabled=true -Dfile.encoding=UTF-8 
java_command: com.project.createbd.CreatebdApplication
java_class_path (initial): C:\inst\postgresql-42.2.23.jar;C:\Users\Lans\IdeaProjects\createbd\target\classes;C:\Users\Lans\.m2\repository\org\springframework\boot\spring-boot-starter-actuator\2.5.2\spring-boot-starter-actuator-2.5.2.jar;C:\Users\Lans\.m2\repository\org\springframework\boot\spring-boot-starter\2.5.2\spring-boot-starter-2.5.2.jar;C:\Users\Lans\.m2\repository\org\springframework\boot\spring-boot-starter-logging\2.5.2\spring-boot-starter-logging-2.5.2.jar;C:\Users\Lans\.m2\repository\ch\qos\logback\logback-classic\1.2.3\logback-classic-1.2.3.jar;C:\Users\Lans\.m2\repository\ch\qos\logback\logback-core\1.2.3\logback-core-1.2.3.jar;C:\Users\Lans\.m2\repository\org\apache\logging\log4j\log4j-to-slf4j\2.14.1\log4j-to-slf4j-2.14.1.jar;C:\Users\Lans\.m2\repository\org\apache\logging\log4j\log4j-api\2.14.1\log4j-api-2.14.1.jar;C:\Users\Lans\.m2\repository\org\slf4j\jul-to-slf4j\1.7.31\jul-to-slf4j-1.7.31.jar;C:\Users\Lans\.m2\repository\org\yaml\snakeyaml\1.28\snakeyaml-1.28.jar;C:\Users\Lans\.m2\repository\org\springframework\boot\spring-boot-actuator-autoconfigure\2.5.2\spring-boot-actuator-autoconfigure-2.5.2.jar;C:\Users\Lans\.m2\repository\org\springframework\boot\spring-boot-actuator\2.5.2\spring-boot-actuator-2.5.2.jar;C:\Users\Lans\.m2\repository\com\fasterxml\jackson\core\jackson-databind\2.12.3\jackson-databind-2.12.3.jar;C:\Users\Lans\.m2\repository\com\fasterxml\jackson\core\jackson-core\2.12.3\jackson-core-2.12.3.jar;C:\Users\Lans\.m2\repository\com\fasterxml\jackson\datatype\jackson-datatype-jsr310\2.12.3\jackson-datatype-jsr310-2.12.3.jar;C:\Users\Lans\.m2\repository\io\micrometer\micrometer-core\1.7.1\micrometer-core-1.7.1.jar;C:\Users\Lans\.m2\repository\org\hdrhistogram\HdrHistogram\2.1.12\HdrHistogram-2.1.12.jar;C:\Users\Lans\.m2\repository\org\latencyutils\LatencyUtils\2.0.3\LatencyUtils-2.0.3.jar;C:\Users\Lans\.m2\repository\org\springframework\boot\spring-boot-starter-data-jpa\2.5.2\spring-boot-starter-data-jpa-2.5.2.jar;C:\Users\Lans\.
Launcher Type: SUN_STANDARD

[Global flags]
     bool BytecodeVerificationLocal                = false                                     {product} {command line}
     bool BytecodeVerificationRemote               = false                                     {product} {command line}
     intx CICompilerCount                          = 2                                         {product} {ergonomic}
     uint ConcGCThreads                            = 1                                         {product} {ergonomic}
     uint G1ConcRefinementThreads                  = 2                                         {product} {ergonomic}
   size_t G1HeapRegionSize                         = 1048576                                   {product} {ergonomic}
    uintx GCDrainStackTargetSize                   = 64                                        {product} {ergonomic}
   size_t InitialHeapSize                          = 67108864                                  {product} {ergonomic}
     bool ManagementServer                         = true                                      {product} {command line}
   size_t MarkStackSize                            = 4194304                                   {product} {ergonomic}
   size_t MaxHeapSize                              = 1042284544                                {product} {ergonomic}
   size_t MaxNewSize                               = 624951296                                 {product} {ergonomic}
   size_t MinHeapDeltaBytes                        = 1048576                                   {product} {ergonomic}
    uintx NonNMethodCodeHeapSize                   = 6396312                                {pd product} {ergonomic}
    uintx NonProfiledCodeHeapSize                  = 245261928                              {pd product} {ergonomic}
    uintx ProfiledCodeHeapSize                     = 0                                      {pd product} {ergonomic}
    uintx ReservedCodeCacheSize                    = 251658240                              {pd product} {ergonomic}
     bool SegmentedCodeCache                       = true                                      {product} {ergonomic}
     intx TieredStopAtLevel                        = 1                                         {product} {command line}
     bool UseCompressedClassPointers               = true                                 {lp64_product} {ergonomic}
     bool UseCompressedOops                        = true                                 {lp64_product} {ergonomic}
     bool UseG1GC                                  = true                                      {product} {ergonomic}
     bool UseLargePagesIndividualAllocation        = false                                  {pd product} {ergonomic}

Logging:
Log output configuration:
 #0: stdout all=warning uptime,level,tags
 #1: stderr all=off uptime,level,tags

Environment Variables:
JAVA_HOME=C:\Program Files\Java\jdk-11
PATH=C:\WINDOWS\system32;C:\WINDOWS;C:\WINDOWS\System32\Wbem;C:\WINDOWS\System32\WindowsPowerShell\v1.0\;C:\WINDOWS\System32\OpenSSH\;C:\Program Files\dotnet\;C:\Users\Lans\AppData\Local\Microsoft\WindowsApps;C:\Program Files\Java\jdk-11\bin;
USERNAME=Lans
OS=Windows_NT
PROCESSOR_IDENTIFIER=AMD64 Family 21 Model 112 Stepping 0, AuthenticAMD



---------------  S Y S T E M  ---------------

OS: Windows 10 , 64 bit Build 19041 (10.0.19041.1023)

CPU:total 2 (initial active 2) (2 cores per cpu, 1 threads per core) family 21 model 112 stepping 0, cmov, cx8, fxsr, mmx, sse, sse2, sse3, ssse3, sse4.1, sse4.2, popcnt, avx, avx2, aes, clmul, mmxext, 3dnowpref, lzcnt, sse4a, tsc, tscinvbit, tscinv, bmi1, bmi2, fma

Memory: 4k page, system-wide physical 3974M (210M free)
TotalPageFile size 7974M (AvailPageFile size 5M)
current process WorkingSet (physical memory assigned to process): 194M, peak: 194M
current process commit charge ("private bytes"): 226M, peak: 242M

vm_info: OpenJDK 64-Bit Server VM (11+28) for windows-amd64 JRE (11+28), built on Aug 23 2018 03:04:58 by "mach5one" with MS VC++ 15.5 (VS2017)

END.
